# JRE version: Java(TM) SE Runtime Environment (17.0.9+11) (build 17.0.9+11-LTS-201)
# Java VM: Java HotSpot(TM) 64-Bit Server VM (17.0.9+11-LTS-201, mixed mode, sharing, tiered, compressed oops, compressed class ptrs, g1 gc, windows-amd64)
GC Precious Log:
 CPUs: 8 total, 8 available
 Memory: 7883M
 Large Page Support: Disabled
 NUMA Support: Disabled
 Compressed Oops: Enabled (32-bit)
 Heap Region Size: 1M
 Heap Min Capacity: 8M
 Heap Initial Capacity: 124M
 Heap Max Capacity: 1972M
 Pre-touch: Disabled
 Parallel Workers: 8
 Concurrent Workers: 2
 Concurrent Refinement Workers: 8
 Periodic GC: Disabled
Heap:
 garbage-first heap   total 114688K, used 58478K [0x0000000084c00000, 0x0000000100000000)
  region size 1024K, 19 young (19456K), 0 survivors (0K)
 Metaspace       used 92823K, committed 93632K, reserved 1179648K
  class space    used 12724K, committed 13120K, reserved 1048576K
GC Heap History (20 events):
Event: 11.849 GC heap before
{Heap before GC invocations=31 (full 0):
 garbage-first heap   total 76800K, used 62532K [0x0000000084c00000, 0x0000000100000000)
  region size 1024K, 30 young (30720K), 4 survivors (4096K)
 Metaspace       used 72772K, committed 73344K, reserved 1114112K
  class space    used 9784K, committed 10048K, reserved 1048576K
}
Event: 11.854 GC heap after
{Heap after GC invocations=32 (full 0):
 garbage-first heap   total 76800K, used 36719K [0x0000000084c00000, 0x0000000100000000)
  region size 1024K, 1 young (1024K), 1 survivors (1024K)
 Metaspace       used 72772K, committed 73344K, reserved 1114112K
  class space    used 9784K, committed 10048K, reserved 1048576K
}
Event: 12.005 GC heap before
{Heap before GC invocations=32 (full 0):
 garbage-first heap   total 76800K, used 63343K [0x0000000084c00000, 0x0000000100000000)
  region size 1024K, 27 young (27648K), 1 survivors (1024K)
 Metaspace       used 73134K, committed 73728K, reserved 1114112K
  class space    used 9836K, committed 10112K, reserved 1048576K
}
Event: 12.007 GC heap after
{Heap after GC invocations=33 (full 0):
 garbage-first heap   total 76800K, used 37137K [0x0000000084c00000, 0x0000000100000000)
  region size 1024K, 2 young (2048K), 2 survivors (2048K)
 Metaspace       used 73134K, committed 73728K, reserved 1114112K
  class space    used 9836K, committed 10112K, reserved 1048576K
}
Event: 12.253 GC heap before
{Heap before GC invocations=34 (full 0):
 garbage-first heap   total 76800K, used 63761K [0x0000000084c00000, 0x0000000100000000)
  region size 1024K, 28 young (28672K), 2 survivors (2048K)
 Metaspace       used 73241K, committed 73856K, reserved 1114112K
  class space    used 9842K, committed 10112K, reserved 1048576K
}
Event: 12.255 GC heap after
{Heap after GC invocations=35 (full 0):
 garbage-first heap   total 76800K, used 37492K [0x0000000084c00000, 0x0000000100000000)
  region size 1024K, 2 young (2048K), 2 survivors (2048K)
 Metaspace       used 73241K, committed 73856K, reserved 1114112K
  class space    used 9842K, committed 10112K, reserved 1048576K
}
Event: 12.268 GC heap before
{Heap before GC invocations=35 (full 0):
 garbage-first heap   total 76800K, used 38516K [0x0000000084c00000, 0x0000000100000000)
  region size 1024K, 3 young (3072K), 2 survivors (2048K)
 Metaspace       used 73251K, committed 73856K, reserved 1114112K
  class space    used 9848K, committed 10112K, reserved 1048576K
}
Event: 12.270 GC heap after
{Heap after GC invocations=36 (full 0):
 garbage-first heap   total 76800K, used 36778K [0x0000000084c00000, 0x0000000100000000)
  region size 1024K, 1 young (1024K), 1 survivors (1024K)
 Metaspace       used 73251K, committed 73856K, reserved 1114112K
  class space    used 9848K, committed 10112K, reserved 1048576K
}
Event: 12.603 GC heap before
{Heap before GC invocations=36 (full 0):
 garbage-first heap   total 76800K, used 63402K [0x0000000084c00000, 0x0000000100000000)
  region size 1024K, 27 young (27648K), 1 survivors (1024K)
 Metaspace       used 76237K, committed 76800K, reserved 1179648K
  class space    used 10482K, committed 10752K, reserved 1048576K
}
Event: 12.606 GC heap after
{Heap after GC invocations=37 (full 0):
 garbage-first heap   total 114688K, used 38751K [0x0000000084c00000, 0x0000000100000000)
  region size 1024K, 3 young (3072K), 3 survivors (3072K)
 Metaspace       used 76237K, committed 76800K, reserved 1179648K
  class space    used 10482K, committed 10752K, reserved 1048576K
}
Event: 13.201 GC heap before
{Heap before GC invocations=38 (full 0):
 garbage-first heap   total 114688K, used 91999K [0x0000000084c00000, 0x0000000100000000)
  region size 1024K, 55 young (56320K), 3 survivors (3072K)
 Metaspace       used 79844K, committed 80384K, reserved 1179648K
  class space    used 11000K, committed 11264K, reserved 1048576K
}
Event: 13.205 GC heap after
{Heap after GC invocations=39 (full 0):
 garbage-first heap   total 114688K, used 40676K [0x0000000084c00000, 0x0000000100000000)
  region size 1024K, 5 young (5120K), 5 survivors (5120K)
 Metaspace       used 79844K, committed 80384K, reserved 1179648K
  class space    used 11000K, committed 11264K, reserved 1048576K
}
Event: 13.821 GC heap before
{Heap before GC invocations=39 (full 0):
 garbage-first heap   total 114688K, used 93924K [0x0000000084c00000, 0x0000000100000000)
  region size 1024K, 57 young (58368K), 5 survivors (5120K)
 Metaspace       used 82337K, committed 83008K, reserved 1179648K
  class space    used 11346K, committed 11648K, reserved 1048576K
}
Event: 13.827 GC heap after
{Heap after GC invocations=40 (full 0):
 garbage-first heap   total 114688K, used 43749K [0x0000000084c00000, 0x0000000100000000)
  region size 1024K, 7 young (7168K), 7 survivors (7168K)
 Metaspace       used 82337K, committed 83008K, reserved 1179648K
  class space    used 11346K, committed 11648K, reserved 1048576K
}
Event: 14.376 GC heap before
{Heap before GC invocations=40 (full 0):
 garbage-first heap   total 114688K, used 93925K [0x0000000084c00000, 0x0000000100000000)
  region size 1024K, 56 young (57344K), 7 survivors (7168K)
 Metaspace       used 83725K, committed 84416K, reserved 1179648K
  class space    used 11557K, committed 11904K, reserved 1048576K
}
Event: 14.383 GC heap after
{Heap after GC invocations=41 (full 0):
 garbage-first heap   total 114688K, used 46867K [0x0000000084c00000, 0x0000000100000000)
  region size 1024K, 7 young (7168K), 7 survivors (7168K)
 Metaspace       used 83725K, committed 84416K, reserved 1179648K
  class space    used 11557K, committed 11904K, reserved 1048576K
}
Event: 40.145 GC heap before
{Heap before GC invocations=41 (full 0):
 garbage-first heap   total 114688K, used 91923K [0x0000000084c00000, 0x0000000100000000)
  region size 1024K, 52 young (53248K), 7 survivors (7168K)
 Metaspace       used 91134K, committed 91840K, reserved 1179648K
  class space    used 12577K, committed 12928K, reserved 1048576K
}
Event: 40.156 GC heap after
{Heap after GC invocations=42 (full 0):
 garbage-first heap   total 114688K, used 49394K [0x0000000084c00000, 0x0000000100000000)
  region size 1024K, 6 young (6144K), 6 survivors (6144K)
 Metaspace       used 91134K, committed 91840K, reserved 1179648K
  class space    used 12577K, committed 12928K, reserved 1048576K
}
Event: 184.269 GC heap before
{Heap before GC invocations=42 (full 0):
 garbage-first heap   total 114688K, used 83186K [0x0000000084c00000, 0x0000000100000000)
  region size 1024K, 40 young (40960K), 6 survivors (6144K)
 Metaspace       used 92731K, committed 93440K, reserved 1179648K
  class space    used 12712K, committed 13056K, reserved 1048576K
}
Event: 184.553 GC heap after
{Heap after GC invocations=43 (full 1):
 garbage-first heap   total 114688K, used 41070K [0x0000000084c00000, 0x0000000100000000)
  region size 1024K, 0 young (0K), 0 survivors (0K)
 Metaspace       used 92728K, committed 93440K, reserved 1179648K
  class space    used 12712K, committed 13056K, reserved 1048576K
}

