# JRE version: OpenJDK Runtime Environment Temurin-21.0.7+6 (21.0.7+6) (build 21.0.7+6-LTS)
# Java VM: OpenJDK 64-Bit Server VM Temurin-21.0.7+6 (21.0.7+6-LTS, mixed mode, sharing, tiered, compressed oops, compressed class ptrs, parallel gc, windows-amd64)
GC Precious Log:
 CardTable entry size: 512
 CPUs: 8 total, 8 available
 Memory: 7883M
 Large Page Support: Disabled
 NUMA Support: Disabled
 Compressed Oops: Enabled (32-bit)
 Alignments: Space 512K, Generation 512K, Heap 2M
 Heap Min Capacity: 100M
 Heap Initial Capacity: 100M
 Heap Max Capacity: 2G
 Pre-touch: Disabled
 Parallel Workers: 8
Heap:
 PSYoungGen      total 4608K, used 2891K [0x00000000d5580000, 0x00000000d5b00000, 0x0000000100000000)
  eden space 4096K, 65% used [0x00000000d5580000,0x00000000d581ace8,0x00000000d5980000)
  from space 512K, 43% used [0x00000000d5a80000,0x00000000d5ab8000,0x00000000d5b00000)
  to   space 512K, 0% used [0x00000000d5a00000,0x00000000d5a00000,0x00000000d5a80000)
 ParOldGen       total 950784K, used 950472K [0x0000000080000000, 0x00000000ba080000, 0x00000000d5580000)
  object space 950784K, 99% used [0x0000000080000000,0x00000000ba032140,0x00000000ba080000)
 Metaspace       used 83047K, committed 84736K, reserved 1179648K
  class space    used 8814K, committed 9600K, reserved 1048576K
GC Heap History (20 events):
Event: 57.999 GC heap before
{Heap before GC invocations=942 (full 3):
 PSYoungGen      total 4608K, used 4344K [0x00000000d5580000, 0x00000000d5b00000, 0x0000000100000000)
  eden space 4096K, 99% used [0x00000000d5580000,0x00000000d597e1d8,0x00000000d5980000)
  from space 512K, 50% used [0x00000000d5a80000,0x00000000d5ac0020,0x00000000d5b00000)
  to   space 512K, 0% used [0x00000000d5a00000,0x00000000d5a00000,0x00000000d5a80000)
 ParOldGen       total 948736K, used 948461K [0x0000000080000000, 0x00000000b9e80000, 0x00000000d5580000)
  object space 948736K, 99% used [0x0000000080000000,0x00000000b9e3b7a8,0x00000000b9e80000)
 Metaspace       used 79999K, committed 81728K, reserved 1179648K
  class space    used 8420K, committed 9216K, reserved 1048576K
}
Event: 58.002 GC heap after
{Heap after GC invocations=942 (full 3):
 PSYoungGen      total 4608K, used 224K [0x00000000d5580000, 0x00000000d5b00000, 0x0000000100000000)
  eden space 4096K, 0% used [0x00000000d5580000,0x00000000d5580000,0x00000000d5980000)
  from space 512K, 43% used [0x00000000d5a00000,0x00000000d5a38000,0x00000000d5a80000)
  to   space 512K, 0% used [0x00000000d5a80000,0x00000000d5a80000,0x00000000d5b00000)
 ParOldGen       total 948736K, used 948485K [0x0000000080000000, 0x00000000b9e80000, 0x00000000d5580000)
  object space 948736K, 99% used [0x0000000080000000,0x00000000b9e417a8,0x00000000b9e80000)
 Metaspace       used 79999K, committed 81728K, reserved 1179648K
  class space    used 8420K, committed 9216K, reserved 1048576K
}
Event: 58.072 GC heap before
{Heap before GC invocations=943 (full 3):
 PSYoungGen      total 4608K, used 4320K [0x00000000d5580000, 0x00000000d5b00000, 0x0000000100000000)
  eden space 4096K, 100% used [0x00000000d5580000,0x00000000d5980000,0x00000000d5980000)
  from space 512K, 43% used [0x00000000d5a00000,0x00000000d5a38000,0x00000000d5a80000)
  to   space 512K, 0% used [0x00000000d5a80000,0x00000000d5a80000,0x00000000d5b00000)
 ParOldGen       total 948736K, used 948485K [0x0000000080000000, 0x00000000b9e80000, 0x00000000d5580000)
  object space 948736K, 99% used [0x0000000080000000,0x00000000b9e417a8,0x00000000b9e80000)
 Metaspace       used 80179K, committed 81856K, reserved 1179648K
  class space    used 8462K, committed 9216K, reserved 1048576K
}
Event: 58.074 GC heap after
{Heap after GC invocations=943 (full 3):
 PSYoungGen      total 4608K, used 489K [0x00000000d5580000, 0x00000000d5b80000, 0x0000000100000000)
  eden space 4096K, 0% used [0x00000000d5580000,0x00000000d5580000,0x00000000d5980000)
  from space 512K, 95% used [0x00000000d5a80000,0x00000000d5afa400,0x00000000d5b00000)
  to   space 1024K, 0% used [0x00000000d5980000,0x00000000d5980000,0x00000000d5a80000)
 ParOldGen       total 948736K, used 948541K [0x0000000080000000, 0x00000000b9e80000, 0x00000000d5580000)
  object space 948736K, 99% used [0x0000000080000000,0x00000000b9e4f7a8,0x00000000b9e80000)
 Metaspace       used 80179K, committed 81856K, reserved 1179648K
  class space    used 8462K, committed 9216K, reserved 1048576K
}
Event: 58.138 GC heap before
{Heap before GC invocations=944 (full 3):
 PSYoungGen      total 4608K, used 4584K [0x00000000d5580000, 0x00000000d5b80000, 0x0000000100000000)
  eden space 4096K, 99% used [0x00000000d5580000,0x00000000d597fff8,0x00000000d5980000)
  from space 512K, 95% used [0x00000000d5a80000,0x00000000d5afa400,0x00000000d5b00000)
  to   space 1024K, 0% used [0x00000000d5980000,0x00000000d5980000,0x00000000d5a80000)
 ParOldGen       total 948736K, used 948541K [0x0000000080000000, 0x00000000b9e80000, 0x00000000d5580000)
  object space 948736K, 99% used [0x0000000080000000,0x00000000b9e4f7a8,0x00000000b9e80000)
 Metaspace       used 80610K, committed 82304K, reserved 1179648K
  class space    used 8494K, committed 9280K, reserved 1048576K
}
Event: 58.141 GC heap after
{Heap after GC invocations=944 (full 3):
 PSYoungGen      total 5120K, used 361K [0x00000000d5580000, 0x00000000d5b00000, 0x0000000100000000)
  eden space 4096K, 0% used [0x00000000d5580000,0x00000000d5580000,0x00000000d5980000)
  from space 1024K, 35% used [0x00000000d5980000,0x00000000d59da400,0x00000000d5a80000)
  to   space 512K, 0% used [0x00000000d5a80000,0x00000000d5a80000,0x00000000d5b00000)
 ParOldGen       total 948736K, used 948710K [0x0000000080000000, 0x00000000b9e80000, 0x00000000d5580000)
  object space 948736K, 99% used [0x0000000080000000,0x00000000b9e79ba8,0x00000000b9e80000)
 Metaspace       used 80610K, committed 82304K, reserved 1179648K
  class space    used 8494K, committed 9280K, reserved 1048576K
}
Event: 58.166 GC heap before
{Heap before GC invocations=945 (full 3):
 PSYoungGen      total 5120K, used 4457K [0x00000000d5580000, 0x00000000d5b00000, 0x0000000100000000)
  eden space 4096K, 100% used [0x00000000d5580000,0x00000000d5980000,0x00000000d5980000)
  from space 1024K, 35% used [0x00000000d5980000,0x00000000d59da400,0x00000000d5a80000)
  to   space 512K, 0% used [0x00000000d5a80000,0x00000000d5a80000,0x00000000d5b00000)
 ParOldGen       total 948736K, used 948710K [0x0000000080000000, 0x00000000b9e80000, 0x00000000d5580000)
  object space 948736K, 99% used [0x0000000080000000,0x00000000b9e79ba8,0x00000000b9e80000)
 Metaspace       used 80778K, committed 82432K, reserved 1179648K
  class space    used 8504K, committed 9280K, reserved 1048576K
}
Event: 58.169 GC heap after
{Heap after GC invocations=945 (full 3):
 PSYoungGen      total 4608K, used 493K [0x00000000d5580000, 0x00000000d5b80000, 0x0000000100000000)
  eden space 4096K, 0% used [0x00000000d5580000,0x00000000d5580000,0x00000000d5980000)
  from space 512K, 96% used [0x00000000d5a80000,0x00000000d5afb4a0,0x00000000d5b00000)
  to   space 1024K, 0% used [0x00000000d5980000,0x00000000d5980000,0x00000000d5a80000)
 ParOldGen       total 949248K, used 948782K [0x0000000080000000, 0x00000000b9f00000, 0x00000000d5580000)
  object space 949248K, 99% used [0x0000000080000000,0x00000000b9e8bba8,0x00000000b9f00000)
 Metaspace       used 80778K, committed 82432K, reserved 1179648K
  class space    used 8504K, committed 9280K, reserved 1048576K
}
Event: 58.203 GC heap before
{Heap before GC invocations=946 (full 3):
 PSYoungGen      total 4608K, used 4544K [0x00000000d5580000, 0x00000000d5b80000, 0x0000000100000000)
  eden space 4096K, 98% used [0x00000000d5580000,0x00000000d5974cc0,0x00000000d5980000)
  from space 512K, 96% used [0x00000000d5a80000,0x00000000d5afb4a0,0x00000000d5b00000)
  to   space 1024K, 0% used [0x00000000d5980000,0x00000000d5980000,0x00000000d5a80000)
 ParOldGen       total 949248K, used 948782K [0x0000000080000000, 0x00000000b9f00000, 0x00000000d5580000)
  object space 949248K, 99% used [0x0000000080000000,0x00000000b9e8bba8,0x00000000b9f00000)
 Metaspace       used 80954K, committed 82624K, reserved 1179648K
  class space    used 8520K, committed 9280K, reserved 1048576K
}
Event: 58.206 GC heap after
{Heap after GC invocations=946 (full 3):
 PSYoungGen      total 5120K, used 480K [0x00000000d5580000, 0x00000000d5b00000, 0x0000000100000000)
  eden space 4096K, 0% used [0x00000000d5580000,0x00000000d5580000,0x00000000d5980000)
  from space 1024K, 46% used [0x00000000d5980000,0x00000000d59f8000,0x00000000d5a80000)
  to   space 512K, 0% used [0x00000000d5a80000,0x00000000d5a80000,0x00000000d5b00000)
 ParOldGen       total 949248K, used 948983K [0x0000000080000000, 0x00000000b9f00000, 0x00000000d5580000)
  object space 949248K, 99% used [0x0000000080000000,0x00000000b9ebdfa8,0x00000000b9f00000)
 Metaspace       used 80954K, committed 82624K, reserved 1179648K
  class space    used 8520K, committed 9280K, reserved 1048576K
}
Event: 58.311 GC heap before
{Heap before GC invocations=947 (full 3):
 PSYoungGen      total 5120K, used 4576K [0x00000000d5580000, 0x00000000d5b00000, 0x0000000100000000)
  eden space 4096K, 100% used [0x00000000d5580000,0x00000000d5980000,0x00000000d5980000)
  from space 1024K, 46% used [0x00000000d5980000,0x00000000d59f8000,0x00000000d5a80000)
  to   space 512K, 0% used [0x00000000d5a80000,0x00000000d5a80000,0x00000000d5b00000)
 ParOldGen       total 949248K, used 948983K [0x0000000080000000, 0x00000000b9f00000, 0x00000000d5580000)
  object space 949248K, 99% used [0x0000000080000000,0x00000000b9ebdfa8,0x00000000b9f00000)
 Metaspace       used 81532K, committed 83200K, reserved 1179648K
  class space    used 8582K, committed 9344K, reserved 1048576K
}
Event: 58.314 GC heap after
{Heap after GC invocations=947 (full 3):
 PSYoungGen      total 4608K, used 352K [0x00000000d5580000, 0x00000000d5b00000, 0x0000000100000000)
  eden space 4096K, 0% used [0x00000000d5580000,0x00000000d5580000,0x00000000d5980000)
  from space 512K, 68% used [0x00000000d5a80000,0x00000000d5ad8000,0x00000000d5b00000)
  to   space 512K, 0% used [0x00000000d5a00000,0x00000000d5a00000,0x00000000d5a80000)
 ParOldGen       total 949760K, used 949375K [0x0000000080000000, 0x00000000b9f80000, 0x00000000d5580000)
  object space 949760K, 99% used [0x0000000080000000,0x00000000b9f1ffa8,0x00000000b9f80000)
 Metaspace       used 81532K, committed 83200K, reserved 1179648K
  class space    used 8582K, committed 9344K, reserved 1048576K
}
Event: 58.359 GC heap before
{Heap before GC invocations=948 (full 3):
 PSYoungGen      total 4608K, used 4448K [0x00000000d5580000, 0x00000000d5b00000, 0x0000000100000000)
  eden space 4096K, 100% used [0x00000000d5580000,0x00000000d5980000,0x00000000d5980000)
  from space 512K, 68% used [0x00000000d5a80000,0x00000000d5ad8000,0x00000000d5b00000)
  to   space 512K, 0% used [0x00000000d5a00000,0x00000000d5a00000,0x00000000d5a80000)
 ParOldGen       total 949760K, used 949375K [0x0000000080000000, 0x00000000b9f80000, 0x00000000d5580000)
  object space 949760K, 99% used [0x0000000080000000,0x00000000b9f1ffa8,0x00000000b9f80000)
 Metaspace       used 82027K, committed 83648K, reserved 1179648K
  class space    used 8660K, committed 9408K, reserved 1048576K
}
Event: 58.361 GC heap after
{Heap after GC invocations=948 (full 3):
 PSYoungGen      total 4608K, used 479K [0x00000000d5580000, 0x00000000d5b00000, 0x0000000100000000)
  eden space 4096K, 0% used [0x00000000d5580000,0x00000000d5580000,0x00000000d5980000)
  from space 512K, 93% used [0x00000000d5a00000,0x00000000d5a77c58,0x00000000d5a80000)
  to   space 512K, 0% used [0x00000000d5a80000,0x00000000d5a80000,0x00000000d5b00000)
 ParOldGen       total 949760K, used 949558K [0x0000000080000000, 0x00000000b9f80000, 0x00000000d5580000)
  object space 949760K, 99% used [0x0000000080000000,0x00000000b9f4dbc8,0x00000000b9f80000)
 Metaspace       used 82027K, committed 83648K, reserved 1179648K
  class space    used 8660K, committed 9408K, reserved 1048576K
}
Event: 58.390 GC heap before
{Heap before GC invocations=949 (full 3):
 PSYoungGen      total 4608K, used 4575K [0x00000000d5580000, 0x00000000d5b00000, 0x0000000100000000)
  eden space 4096K, 100% used [0x00000000d5580000,0x00000000d5980000,0x00000000d5980000)
  from space 512K, 93% used [0x00000000d5a00000,0x00000000d5a77c58,0x00000000d5a80000)
  to   space 512K, 0% used [0x00000000d5a80000,0x00000000d5a80000,0x00000000d5b00000)
 ParOldGen       total 949760K, used 949558K [0x0000000080000000, 0x00000000b9f80000, 0x00000000d5580000)
  object space 949760K, 99% used [0x0000000080000000,0x00000000b9f4dbc8,0x00000000b9f80000)
 Metaspace       used 82190K, committed 83904K, reserved 1179648K
  class space    used 8679K, committed 9472K, reserved 1048576K
}
Event: 58.392 GC heap after
{Heap after GC invocations=949 (full 3):
 PSYoungGen      total 4608K, used 500K [0x00000000d5580000, 0x00000000d5b80000, 0x0000000100000000)
  eden space 4096K, 0% used [0x00000000d5580000,0x00000000d5580000,0x00000000d5980000)
  from space 512K, 97% used [0x00000000d5a80000,0x00000000d5afd200,0x00000000d5b00000)
  to   space 1024K, 0% used [0x00000000d5980000,0x00000000d5980000,0x00000000d5a80000)
 ParOldGen       total 950272K, used 949915K [0x0000000080000000, 0x00000000ba000000, 0x00000000d5580000)
  object space 950272K, 99% used [0x0000000080000000,0x00000000b9fa6f30,0x00000000ba000000)
 Metaspace       used 82190K, committed 83904K, reserved 1179648K
  class space    used 8679K, committed 9472K, reserved 1048576K
}
Event: 59.688 GC heap before
{Heap before GC invocations=950 (full 3):
 PSYoungGen      total 4608K, used 4596K [0x00000000d5580000, 0x00000000d5b80000, 0x0000000100000000)
  eden space 4096K, 100% used [0x00000000d5580000,0x00000000d5980000,0x00000000d5980000)
  from space 512K, 97% used [0x00000000d5a80000,0x00000000d5afd200,0x00000000d5b00000)
  to   space 1024K, 0% used [0x00000000d5980000,0x00000000d5980000,0x00000000d5a80000)
 ParOldGen       total 950272K, used 949915K [0x0000000080000000, 0x00000000ba000000, 0x00000000d5580000)
  object space 950272K, 99% used [0x0000000080000000,0x00000000b9fa6f30,0x00000000ba000000)
 Metaspace       used 82200K, committed 83904K, reserved 1179648K
  class space    used 8679K, committed 9472K, reserved 1048576K
}
Event: 59.691 GC heap after
{Heap after GC invocations=950 (full 3):
 PSYoungGen      total 5120K, used 263K [0x00000000d5580000, 0x00000000d5b00000, 0x0000000100000000)
  eden space 4096K, 0% used [0x00000000d5580000,0x00000000d5580000,0x00000000d5980000)
  from space 1024K, 25% used [0x00000000d5980000,0x00000000d59c1ef0,0x00000000d5a80000)
  to   space 512K, 0% used [0x00000000d5a80000,0x00000000d5a80000,0x00000000d5b00000)
 ParOldGen       total 950784K, used 950376K [0x0000000080000000, 0x00000000ba080000, 0x00000000d5580000)
  object space 950784K, 99% used [0x0000000080000000,0x00000000ba01a140,0x00000000ba080000)
 Metaspace       used 82200K, committed 83904K, reserved 1179648K
  class space    used 8679K, committed 9472K, reserved 1048576K
}
Event: 59.863 GC heap before
{Heap before GC invocations=951 (full 3):
 PSYoungGen      total 5120K, used 4353K [0x00000000d5580000, 0x00000000d5b00000, 0x0000000100000000)
  eden space 4096K, 99% used [0x00000000d5580000,0x00000000d597e6e8,0x00000000d5980000)
  from space 1024K, 25% used [0x00000000d5980000,0x00000000d59c1ef0,0x00000000d5a80000)
  to   space 512K, 0% used [0x00000000d5a80000,0x00000000d5a80000,0x00000000d5b00000)
 ParOldGen       total 950784K, used 950376K [0x0000000080000000, 0x00000000ba080000, 0x00000000d5580000)
  object space 950784K, 99% used [0x0000000080000000,0x00000000ba01a140,0x00000000ba080000)
 Metaspace       used 82807K, committed 84480K, reserved 1179648K
  class space    used 8773K, committed 9536K, reserved 1048576K
}
Event: 59.867 GC heap after
{Heap after GC invocations=951 (full 3):
 PSYoungGen      total 4608K, used 224K [0x00000000d5580000, 0x00000000d5b00000, 0x0000000100000000)
  eden space 4096K, 0% used [0x00000000d5580000,0x00000000d5580000,0x00000000d5980000)
  from space 512K, 43% used [0x00000000d5a80000,0x00000000d5ab8000,0x00000000d5b00000)
  to   space 512K, 0% used [0x00000000d5a00000,0x00000000d5a00000,0x00000000d5a80000)
 ParOldGen       total 950784K, used 950472K [0x0000000080000000, 0x00000000ba080000, 0x00000000d5580000)
  object space 950784K, 99% used [0x0000000080000000,0x00000000ba032140,0x00000000ba080000)
 Metaspace       used 82807K, committed 84480K, reserved 1179648K
  class space    used 8773K, committed 9536K, reserved 1048576K
}

