# JRE version: Java(TM) SE Runtime Environment (17.0.9+11) (build 17.0.9+11-LTS-201)
# Java VM: Java HotSpot(TM) 64-Bit Server VM (17.0.9+11-LTS-201, mixed mode, sharing, tiered, compressed oops, compressed class ptrs, g1 gc, windows-amd64)
GC Precious Log:
 CPUs: 8 total, 8 available
 Memory: 7883M
 Large Page Support: Disabled
 NUMA Support: Disabled
 Compressed Oops: Enabled (32-bit)
 Heap Region Size: 1M
 Heap Min Capacity: 8M
 Heap Initial Capacity: 124M
 Heap Max Capacity: 256M
 Pre-touch: Disabled
 Parallel Workers: 8
 Concurrent Workers: 2
 Concurrent Refinement Workers: 8
 Periodic GC: Disabled
Heap:
 garbage-first heap   total 86016K, used 42558K [0x00000000f0000000, 0x0000000100000000)
  region size 1024K, 14 young (14336K), 3 survivors (3072K)
 Metaspace       used 36861K, committed 37312K, reserved 180224K
  class space    used 5285K, committed 5504K, reserved 114688K
GC Heap History (18 events):
Event: 0.617 GC heap before
{Heap before GC invocations=0 (full 0):
 garbage-first heap   total 126976K, used 26624K [0x00000000f0000000, 0x0000000100000000)
  region size 1024K, 23 young (23552K), 0 survivors (0K)
 Metaspace       used 2936K, committed 3136K, reserved 180224K
  class space    used 373K, committed 448K, reserved 114688K
}
Event: 0.626 GC heap after
{Heap after GC invocations=1 (full 0):
 garbage-first heap   total 126976K, used 11008K [0x00000000f0000000, 0x0000000100000000)
  region size 1024K, 3 young (3072K), 3 survivors (3072K)
 Metaspace       used 2936K, committed 3136K, reserved 180224K
  class space    used 373K, committed 448K, reserved 114688K
}
Event: 1.090 GC heap before
{Heap before GC invocations=1 (full 0):
 garbage-first heap   total 126976K, used 37632K [0x00000000f0000000, 0x0000000100000000)
  region size 1024K, 29 young (29696K), 3 survivors (3072K)
 Metaspace       used 4002K, committed 4160K, reserved 180224K
  class space    used 492K, committed 576K, reserved 114688K
}
Event: 1.095 GC heap after
{Heap after GC invocations=2 (full 0):
 garbage-first heap   total 126976K, used 11623K [0x00000000f0000000, 0x0000000100000000)
  region size 1024K, 1 young (1024K), 1 survivors (1024K)
 Metaspace       used 4002K, committed 4160K, reserved 180224K
  class space    used 492K, committed 576K, reserved 114688K
}
Event: 2.607 GC heap before
{Heap before GC invocations=2 (full 0):
 garbage-first heap   total 126976K, used 77159K [0x00000000f0000000, 0x0000000100000000)
  region size 1024K, 64 young (65536K), 1 survivors (1024K)
 Metaspace       used 13736K, committed 14080K, reserved 180224K
  class space    used 1901K, committed 2048K, reserved 114688K
}
Event: 2.615 GC heap after
{Heap after GC invocations=3 (full 0):
 garbage-first heap   total 126976K, used 20004K [0x00000000f0000000, 0x0000000100000000)
  region size 1024K, 8 young (8192K), 8 survivors (8192K)
 Metaspace       used 13736K, committed 14080K, reserved 180224K
  class space    used 1901K, committed 2048K, reserved 114688K
}
Event: 3.462 GC heap before
{Heap before GC invocations=3 (full 0):
 garbage-first heap   total 126976K, used 74276K [0x00000000f0000000, 0x0000000100000000)
  region size 1024K, 62 young (63488K), 8 survivors (8192K)
 Metaspace       used 21184K, committed 21504K, reserved 180224K
  class space    used 3119K, committed 3264K, reserved 114688K
}
Event: 3.472 GC heap after
{Heap after GC invocations=4 (full 0):
 garbage-first heap   total 126976K, used 23116K [0x00000000f0000000, 0x0000000100000000)
  region size 1024K, 4 young (4096K), 4 survivors (4096K)
 Metaspace       used 21184K, committed 21504K, reserved 180224K
  class space    used 3119K, committed 3264K, reserved 114688K
}
Event: 4.161 GC heap before
{Heap before GC invocations=5 (full 0):
 garbage-first heap   total 86016K, used 69196K [0x00000000f0000000, 0x0000000100000000)
  region size 1024K, 50 young (51200K), 4 survivors (4096K)
 Metaspace       used 27274K, committed 27648K, reserved 180224K
  class space    used 4036K, committed 4224K, reserved 114688K
}
Event: 4.165 GC heap after
{Heap after GC invocations=6 (full 0):
 garbage-first heap   total 86016K, used 25053K [0x00000000f0000000, 0x0000000100000000)
  region size 1024K, 6 young (6144K), 6 survivors (6144K)
 Metaspace       used 27274K, committed 27648K, reserved 180224K
  class space    used 4036K, committed 4224K, reserved 114688K
}
Event: 4.450 GC heap before
{Heap before GC invocations=6 (full 0):
 garbage-first heap   total 86016K, used 61917K [0x00000000f0000000, 0x0000000100000000)
  region size 1024K, 43 young (44032K), 6 survivors (6144K)
 Metaspace       used 31478K, committed 31808K, reserved 180224K
  class space    used 4643K, committed 4800K, reserved 114688K
}
Event: 4.457 GC heap after
{Heap after GC invocations=7 (full 0):
 garbage-first heap   total 86016K, used 27728K [0x00000000f0000000, 0x0000000100000000)
  region size 1024K, 5 young (5120K), 5 survivors (5120K)
 Metaspace       used 31478K, committed 31808K, reserved 180224K
  class space    used 4643K, committed 4800K, reserved 114688K
}
Event: 4.653 GC heap before
{Heap before GC invocations=7 (full 0):
 garbage-first heap   total 86016K, used 64592K [0x00000000f0000000, 0x0000000100000000)
  region size 1024K, 41 young (41984K), 5 survivors (5120K)
 Metaspace       used 32228K, committed 32576K, reserved 180224K
  class space    used 4714K, committed 4864K, reserved 114688K
}
Event: 4.660 GC heap after
{Heap after GC invocations=8 (full 0):
 garbage-first heap   total 86016K, used 29713K [0x00000000f0000000, 0x0000000100000000)
  region size 1024K, 5 young (5120K), 5 survivors (5120K)
 Metaspace       used 32228K, committed 32576K, reserved 180224K
  class space    used 4714K, committed 4864K, reserved 114688K
}
Event: 5.159 GC heap before
{Heap before GC invocations=8 (full 0):
 garbage-first heap   total 86016K, used 65553K [0x00000000f0000000, 0x0000000100000000)
  region size 1024K, 40 young (40960K), 5 survivors (5120K)
 Metaspace       used 35295K, committed 35584K, reserved 180224K
  class space    used 5100K, committed 5248K, reserved 114688K
}
Event: 5.164 GC heap after
{Heap after GC invocations=9 (full 0):
 garbage-first heap   total 86016K, used 31836K [0x00000000f0000000, 0x0000000100000000)
  region size 1024K, 5 young (5120K), 5 survivors (5120K)
 Metaspace       used 35295K, committed 35584K, reserved 180224K
  class space    used 5100K, committed 5248K, reserved 114688K
}
Event: 5.186 GC heap before
{Heap before GC invocations=9 (full 0):
 garbage-first heap   total 86016K, used 33884K [0x00000000f0000000, 0x0000000100000000)
  region size 1024K, 8 young (8192K), 5 survivors (5120K)
 Metaspace       used 35664K, committed 36096K, reserved 180224K
  class space    used 5126K, committed 5376K, reserved 114688K
}
Event: 5.190 GC heap after
{Heap after GC invocations=10 (full 0):
 garbage-first heap   total 86016K, used 32318K [0x00000000f0000000, 0x0000000100000000)
  region size 1024K, 3 young (3072K), 3 survivors (3072K)
 Metaspace       used 35664K, committed 36096K, reserved 180224K
  class space    used 5126K, committed 5376K, reserved 114688K
}

