# JRE version: Java(TM) SE Runtime Environment (17.0.9+11) (build 17.0.9+11-LTS-201)
# Java VM: Java HotSpot(TM) 64-Bit Server VM (17.0.9+11-LTS-201, mixed mode, sharing, tiered, compressed oops, compressed class ptrs, g1 gc, windows-amd64)
GC Precious Log:
 CPUs: 8 total, 8 available
 Memory: 7883M
 Large Page Support: Disabled
 NUMA Support: Disabled
 Compressed Oops: Enabled (32-bit)
 Heap Region Size: 1M
 Heap Min Capacity: 8M
 Heap Initial Capacity: 124M
 Heap Max Capacity: 1972M
 Pre-touch: Disabled
 Parallel Workers: 8
 Concurrent Workers: 2
 Concurrent Refinement Workers: 8
 Periodic GC: Disabled
Heap:
 garbage-first heap   total 126976K, used 75784K [0x0000000084c00000, 0x0000000100000000)
  region size 1024K, 30 young (30720K), 3 survivors (3072K)
 Metaspace       used 92491K, committed 93184K, reserved 1179648K
  class space    used 12625K, committed 12992K, reserved 1048576K
GC Heap History (20 events):
Event: 16.360 GC heap before
{Heap before GC invocations=40 (full 0):
 garbage-first heap   total 63488K, used 51850K [0x0000000084c00000, 0x0000000100000000)
  region size 1024K, 18 young (18432K), 2 survivors (2048K)
 Metaspace       used 72762K, committed 73344K, reserved 1114112K
  class space    used 9797K, committed 10048K, reserved 1048576K
}
Event: 16.365 GC heap after
{Heap after GC invocations=41 (full 0):
 garbage-first heap   total 63488K, used 35835K [0x0000000084c00000, 0x0000000100000000)
  region size 1024K, 2 young (2048K), 2 survivors (2048K)
 Metaspace       used 72762K, committed 73344K, reserved 1114112K
  class space    used 9797K, committed 10048K, reserved 1048576K
}
Event: 16.558 GC heap before
{Heap before GC invocations=42 (full 0):
 garbage-first heap   total 71680K, used 52219K [0x0000000084c00000, 0x0000000100000000)
  region size 1024K, 18 young (18432K), 2 survivors (2048K)
 Metaspace       used 72951K, committed 73600K, reserved 1114112K
  class space    used 9826K, committed 10112K, reserved 1048576K
}
Event: 16.560 GC heap after
{Heap after GC invocations=43 (full 0):
 garbage-first heap   total 71680K, used 36012K [0x0000000084c00000, 0x0000000100000000)
  region size 1024K, 2 young (2048K), 2 survivors (2048K)
 Metaspace       used 72951K, committed 73600K, reserved 1114112K
  class space    used 9826K, committed 10112K, reserved 1048576K
}
Event: 16.860 GC heap before
{Heap before GC invocations=43 (full 0):
 garbage-first heap   total 71680K, used 59564K [0x0000000084c00000, 0x0000000100000000)
  region size 1024K, 25 young (25600K), 2 survivors (2048K)
 Metaspace       used 73116K, committed 73728K, reserved 1114112K
  class space    used 9841K, committed 10112K, reserved 1048576K
}
Event: 16.862 GC heap after
{Heap after GC invocations=44 (full 0):
 garbage-first heap   total 71680K, used 36412K [0x0000000084c00000, 0x0000000100000000)
  region size 1024K, 2 young (2048K), 2 survivors (2048K)
 Metaspace       used 73116K, committed 73728K, reserved 1114112K
  class space    used 9841K, committed 10112K, reserved 1048576K
}
Event: 17.229 GC heap before
{Heap before GC invocations=45 (full 0):
 garbage-first heap   total 71680K, used 59964K [0x0000000084c00000, 0x0000000100000000)
  region size 1024K, 26 young (26624K), 2 survivors (2048K)
 Metaspace       used 75403K, committed 75968K, reserved 1179648K
  class space    used 10218K, committed 10496K, reserved 1048576K
}
Event: 17.233 GC heap after
{Heap after GC invocations=46 (full 0):
 garbage-first heap   total 71680K, used 37908K [0x0000000084c00000, 0x0000000100000000)
  region size 1024K, 4 young (4096K), 4 survivors (4096K)
 Metaspace       used 75403K, committed 75968K, reserved 1179648K
  class space    used 10218K, committed 10496K, reserved 1048576K
}
Event: 17.254 GC heap before
{Heap before GC invocations=46 (full 0):
 garbage-first heap   total 71680K, used 38932K [0x0000000084c00000, 0x0000000100000000)
  region size 1024K, 5 young (5120K), 4 survivors (4096K)
 Metaspace       used 75649K, committed 76224K, reserved 1179648K
  class space    used 10297K, committed 10560K, reserved 1048576K
}
Event: 17.258 GC heap after
{Heap after GC invocations=47 (full 0):
 garbage-first heap   total 126976K, used 37890K [0x0000000084c00000, 0x0000000100000000)
  region size 1024K, 1 young (1024K), 1 survivors (1024K)
 Metaspace       used 75649K, committed 76224K, reserved 1179648K
  class space    used 10297K, committed 10560K, reserved 1048576K
}
Event: 18.179 GC heap before
{Heap before GC invocations=47 (full 0):
 garbage-first heap   total 126976K, used 103426K [0x0000000084c00000, 0x0000000100000000)
  region size 1024K, 65 young (66560K), 1 survivors (1024K)
 Metaspace       used 79978K, committed 80512K, reserved 1179648K
  class space    used 11010K, committed 11264K, reserved 1048576K
}
Event: 18.185 GC heap after
{Heap after GC invocations=48 (full 0):
 garbage-first heap   total 126976K, used 40426K [0x0000000084c00000, 0x0000000100000000)
  region size 1024K, 3 young (3072K), 3 survivors (3072K)
 Metaspace       used 79978K, committed 80512K, reserved 1179648K
  class space    used 11010K, committed 11264K, reserved 1048576K
}
Event: 19.456 GC heap before
{Heap before GC invocations=48 (full 0):
 garbage-first heap   total 126976K, used 102890K [0x0000000084c00000, 0x0000000100000000)
  region size 1024K, 64 young (65536K), 3 survivors (3072K)
 Metaspace       used 82746K, committed 83392K, reserved 1179648K
  class space    used 11402K, committed 11712K, reserved 1048576K
}
Event: 19.464 GC heap after
{Heap after GC invocations=49 (full 0):
 garbage-first heap   total 126976K, used 43988K [0x0000000084c00000, 0x0000000100000000)
  region size 1024K, 7 young (7168K), 7 survivors (7168K)
 Metaspace       used 82746K, committed 83392K, reserved 1179648K
  class space    used 11402K, committed 11712K, reserved 1048576K
}
Event: 25.499 GC heap before
{Heap before GC invocations=49 (full 0):
 garbage-first heap   total 126976K, used 102356K [0x0000000084c00000, 0x0000000100000000)
  region size 1024K, 65 young (66560K), 7 survivors (7168K)
 Metaspace       used 86031K, committed 86784K, reserved 1179648K
  class space    used 11892K, committed 12288K, reserved 1048576K
}
Event: 25.509 GC heap after
{Heap after GC invocations=50 (full 0):
 garbage-first heap   total 126976K, used 46888K [0x0000000084c00000, 0x0000000100000000)
  region size 1024K, 7 young (7168K), 7 survivors (7168K)
 Metaspace       used 86031K, committed 86784K, reserved 1179648K
  class space    used 11892K, committed 12288K, reserved 1048576K
}
Event: 85.571 GC heap before
{Heap before GC invocations=50 (full 0):
 garbage-first heap   total 126976K, used 103208K [0x0000000084c00000, 0x0000000100000000)
  region size 1024K, 63 young (64512K), 7 survivors (7168K)
 Metaspace       used 90569K, committed 91264K, reserved 1179648K
  class space    used 12469K, committed 12800K, reserved 1048576K
}
Event: 85.666 GC heap after
{Heap after GC invocations=51 (full 0):
 garbage-first heap   total 126976K, used 48586K [0x0000000084c00000, 0x0000000100000000)
  region size 1024K, 5 young (5120K), 5 survivors (5120K)
 Metaspace       used 90569K, committed 91264K, reserved 1179648K
  class space    used 12469K, committed 12800K, reserved 1048576K
}
Event: 160.619 GC heap before
{Heap before GC invocations=51 (full 0):
 garbage-first heap   total 126976K, used 103882K [0x0000000084c00000, 0x0000000100000000)
  region size 1024K, 60 young (61440K), 5 survivors (5120K)
 Metaspace       used 91908K, committed 92608K, reserved 1179648K
  class space    used 12618K, committed 12928K, reserved 1048576K
}
Event: 160.763 GC heap after
{Heap after GC invocations=52 (full 0):
 garbage-first heap   total 126976K, used 49160K [0x0000000084c00000, 0x0000000100000000)
  region size 1024K, 3 young (3072K), 3 survivors (3072K)
 Metaspace       used 91908K, committed 92608K, reserved 1179648K
  class space    used 12618K, committed 12928K, reserved 1048576K
}

