# JRE version: Java(TM) SE Runtime Environment (17.0.9+11) (build 17.0.9+11-LTS-201)
# Java VM: Java HotSpot(TM) 64-Bit Server VM (17.0.9+11-LTS-201, mixed mode, sharing, tiered, compressed oops, compressed class ptrs, g1 gc, windows-amd64)
GC Precious Log:
 CPUs: 8 total, 8 available
 Memory: 7883M
 Large Page Support: Disabled
 NUMA Support: Disabled
 Compressed Oops: Enabled (32-bit)
 Heap Region Size: 1M
 Heap Min Capacity: 8M
 Heap Initial Capacity: 124M
 Heap Max Capacity: 1972M
 Pre-touch: Disabled
 Parallel Workers: 8
 Concurrent Workers: 2
 Concurrent Refinement Workers: 8
 Periodic GC: Disabled
Heap:
 garbage-first heap   total 86016K, used 58481K [0x0000000084c00000, 0x0000000100000000)
  region size 1024K, 24 young (24576K), 2 survivors (2048K)
 Metaspace       used 73483K, committed 74048K, reserved 1114112K
  class space    used 9896K, committed 10176K, reserved 1048576K
GC Heap History (20 events):
Event: 7.051 GC heap before
{Heap before GC invocations=17 (full 0):
 garbage-first heap   total 65536K, used 51737K [0x0000000084c00000, 0x0000000100000000)
  region size 1024K, 28 young (28672K), 4 survivors (4096K)
 Metaspace       used 55115K, committed 55680K, reserved 1114112K
  class space    used 7233K, committed 7488K, reserved 1048576K
}
Event: 7.057 GC heap after
{Heap after GC invocations=18 (full 0):
 garbage-first heap   total 65536K, used 29346K [0x0000000084c00000, 0x0000000100000000)
  region size 1024K, 4 young (4096K), 4 survivors (4096K)
 Metaspace       used 55115K, committed 55680K, reserved 1114112K
  class space    used 7233K, committed 7488K, reserved 1048576K
}
Event: 7.418 GC heap before
{Heap before GC invocations=18 (full 0):
 garbage-first heap   total 65536K, used 52898K [0x0000000084c00000, 0x0000000100000000)
  region size 1024K, 27 young (27648K), 4 survivors (4096K)
 Metaspace       used 58804K, committed 59328K, reserved 1114112K
  class space    used 7666K, committed 7936K, reserved 1048576K
}
Event: 7.421 GC heap after
{Heap after GC invocations=19 (full 0):
 garbage-first heap   total 65536K, used 30590K [0x0000000084c00000, 0x0000000100000000)
  region size 1024K, 4 young (4096K), 4 survivors (4096K)
 Metaspace       used 58804K, committed 59328K, reserved 1114112K
  class space    used 7666K, committed 7936K, reserved 1048576K
}
Event: 7.470 GC heap before
{Heap before GC invocations=19 (full 0):
 garbage-first heap   total 65536K, used 32638K [0x0000000084c00000, 0x0000000100000000)
  region size 1024K, 8 young (8192K), 4 survivors (4096K)
 Metaspace       used 59739K, committed 60160K, reserved 1114112K
  class space    used 7789K, committed 8000K, reserved 1048576K
}
Event: 7.473 GC heap after
{Heap after GC invocations=20 (full 0):
 garbage-first heap   total 65536K, used 30949K [0x0000000084c00000, 0x0000000100000000)
  region size 1024K, 2 young (2048K), 2 survivors (2048K)
 Metaspace       used 59739K, committed 60160K, reserved 1114112K
  class space    used 7789K, committed 8000K, reserved 1048576K
}
Event: 7.866 GC heap before
{Heap before GC invocations=21 (full 0):
 garbage-first heap   total 65536K, used 53477K [0x0000000084c00000, 0x0000000100000000)
  region size 1024K, 24 young (24576K), 2 survivors (2048K)
 Metaspace       used 64613K, committed 65152K, reserved 1114112K
  class space    used 8697K, committed 8960K, reserved 1048576K
}
Event: 7.869 GC heap after
{Heap after GC invocations=22 (full 0):
 garbage-first heap   total 65536K, used 31288K [0x0000000084c00000, 0x0000000100000000)
  region size 1024K, 3 young (3072K), 3 survivors (3072K)
 Metaspace       used 64613K, committed 65152K, reserved 1114112K
  class space    used 8697K, committed 8960K, reserved 1048576K
}
Event: 8.263 GC heap before
{Heap before GC invocations=23 (full 0):
 garbage-first heap   total 65536K, used 52792K [0x0000000084c00000, 0x0000000100000000)
  region size 1024K, 24 young (24576K), 3 survivors (3072K)
 Metaspace       used 68089K, committed 68672K, reserved 1114112K
  class space    used 9214K, committed 9472K, reserved 1048576K
}
Event: 8.266 GC heap after
{Heap after GC invocations=24 (full 0):
 garbage-first heap   total 65536K, used 32282K [0x0000000084c00000, 0x0000000100000000)
  region size 1024K, 2 young (2048K), 2 survivors (2048K)
 Metaspace       used 68089K, committed 68672K, reserved 1114112K
  class space    used 9214K, committed 9472K, reserved 1048576K
}
Event: 8.663 GC heap before
{Heap before GC invocations=24 (full 0):
 garbage-first heap   total 65536K, used 53786K [0x0000000084c00000, 0x0000000100000000)
  region size 1024K, 23 young (23552K), 2 survivors (2048K)
 Metaspace       used 69219K, committed 69760K, reserved 1114112K
  class space    used 9314K, committed 9600K, reserved 1048576K
}
Event: 8.667 GC heap after
{Heap after GC invocations=25 (full 0):
 garbage-first heap   total 65536K, used 33943K [0x0000000084c00000, 0x0000000100000000)
  region size 1024K, 3 young (3072K), 3 survivors (3072K)
 Metaspace       used 69219K, committed 69760K, reserved 1114112K
  class space    used 9314K, committed 9600K, reserved 1048576K
}
Event: 8.897 GC heap before
{Heap before GC invocations=26 (full 0):
 garbage-first heap   total 65536K, used 52375K [0x0000000084c00000, 0x0000000100000000)
  region size 1024K, 22 young (22528K), 3 survivors (3072K)
 Metaspace       used 71284K, committed 71936K, reserved 1114112K
  class space    used 9590K, committed 9920K, reserved 1048576K
}
Event: 8.901 GC heap after
{Heap after GC invocations=27 (full 0):
 garbage-first heap   total 65536K, used 35970K [0x0000000084c00000, 0x0000000100000000)
  region size 1024K, 2 young (2048K), 2 survivors (2048K)
 Metaspace       used 71284K, committed 71936K, reserved 1114112K
  class space    used 9590K, committed 9920K, reserved 1048576K
}
Event: 9.062 GC heap before
{Heap before GC invocations=27 (full 0):
 garbage-first heap   total 65536K, used 53378K [0x0000000084c00000, 0x0000000100000000)
  region size 1024K, 19 young (19456K), 2 survivors (2048K)
 Metaspace       used 72610K, committed 73216K, reserved 1114112K
  class space    used 9789K, committed 10112K, reserved 1048576K
}
Event: 9.065 GC heap after
{Heap after GC invocations=28 (full 0):
 garbage-first heap   total 65536K, used 36517K [0x0000000084c00000, 0x0000000100000000)
  region size 1024K, 1 young (1024K), 1 survivors (1024K)
 Metaspace       used 72610K, committed 73216K, reserved 1114112K
  class space    used 9789K, committed 10112K, reserved 1048576K
}
Event: 9.151 GC heap before
{Heap before GC invocations=29 (full 0):
 garbage-first heap   total 71680K, used 53925K [0x0000000084c00000, 0x0000000100000000)
  region size 1024K, 18 young (18432K), 1 survivors (1024K)
 Metaspace       used 72700K, committed 73344K, reserved 1114112K
  class space    used 9803K, committed 10112K, reserved 1048576K
}
Event: 9.155 GC heap after
{Heap after GC invocations=30 (full 0):
 garbage-first heap   total 71680K, used 36603K [0x0000000084c00000, 0x0000000100000000)
  region size 1024K, 1 young (1024K), 1 survivors (1024K)
 Metaspace       used 72700K, committed 73344K, reserved 1114112K
  class space    used 9803K, committed 10112K, reserved 1048576K
}
Event: 9.271 GC heap before
{Heap before GC invocations=30 (full 0):
 garbage-first heap   total 71680K, used 59131K [0x0000000084c00000, 0x0000000100000000)
  region size 1024K, 23 young (23552K), 1 survivors (1024K)
 Metaspace       used 72959K, committed 73600K, reserved 1114112K
  class space    used 9843K, committed 10176K, reserved 1048576K
}
Event: 9.273 GC heap after
{Heap after GC invocations=31 (full 0):
 garbage-first heap   total 86016K, used 36977K [0x0000000084c00000, 0x0000000100000000)
  region size 1024K, 2 young (2048K), 2 survivors (2048K)
 Metaspace       used 72959K, committed 73600K, reserved 1114112K
  class space    used 9843K, committed 10176K, reserved 1048576K
}

