# JRE version: Java(TM) SE Runtime Environment (17.0.9+11) (build 17.0.9+11-LTS-201)
# Java VM: Java HotSpot(TM) 64-Bit Server VM (17.0.9+11-LTS-201, mixed mode, sharing, tiered, compressed oops, compressed class ptrs, g1 gc, windows-amd64)
GC Precious Log:
 CPUs: 8 total, 8 available
 Memory: 7883M
 Large Page Support: Disabled
 NUMA Support: Disabled
 Compressed Oops: Enabled (32-bit)
 Heap Region Size: 1M
 Heap Min Capacity: 8M
 Heap Initial Capacity: 124M
 Heap Max Capacity: 1972M
 Pre-touch: Disabled
 Parallel Workers: 8
 Concurrent Workers: 2
 Concurrent Refinement Workers: 8
 Periodic GC: Disabled
Heap:
 garbage-first heap   total 557056K, used 264550K [0x0000000084c00000, 0x0000000100000000)
  region size 1024K, 86 young (88064K), 4 survivors (4096K)
 Metaspace       used 105505K, committed 106432K, reserved 1179648K
  class space    used 14234K, committed 14656K, reserved 1048576K
GC Heap History (20 events):
Event: 18.328 GC heap before
{Heap before GC invocations=47 (full 0):
 garbage-first heap   total 112640K, used 84125K [0x0000000084c00000, 0x0000000100000000)
  region size 1024K, 22 young (22528K), 2 survivors (2048K)
 Metaspace       used 84360K, committed 85056K, reserved 1179648K
  class space    used 11556K, committed 11904K, reserved 1048576K
}
Event: 18.331 GC heap after
{Heap after GC invocations=48 (full 0):
 garbage-first heap   total 112640K, used 64590K [0x0000000084c00000, 0x0000000100000000)
  region size 1024K, 2 young (2048K), 2 survivors (2048K)
 Metaspace       used 84360K, committed 85056K, reserved 1179648K
  class space    used 11556K, committed 11904K, reserved 1048576K
}
Event: 18.345 GC heap before
{Heap before GC invocations=48 (full 0):
 garbage-first heap   total 112640K, used 67662K [0x0000000084c00000, 0x0000000100000000)
  region size 1024K, 5 young (5120K), 2 survivors (2048K)
 Metaspace       used 84372K, committed 85056K, reserved 1179648K
  class space    used 11556K, committed 11904K, reserved 1048576K
}
Event: 18.348 GC heap after
{Heap after GC invocations=49 (full 0):
 garbage-first heap   total 225280K, used 64374K [0x0000000084c00000, 0x0000000100000000)
  region size 1024K, 1 young (1024K), 1 survivors (1024K)
 Metaspace       used 84372K, committed 85056K, reserved 1179648K
  class space    used 11556K, committed 11904K, reserved 1048576K
}
Event: 18.681 GC heap before
{Heap before GC invocations=49 (full 0):
 garbage-first heap   total 225280K, used 150390K [0x0000000084c00000, 0x0000000100000000)
  region size 1024K, 86 young (88064K), 1 survivors (1024K)
 Metaspace       used 85873K, committed 86656K, reserved 1179648K
  class space    used 11747K, committed 12160K, reserved 1048576K
}
Event: 18.684 GC heap after
{Heap after GC invocations=50 (full 0):
 garbage-first heap   total 225280K, used 65489K [0x0000000084c00000, 0x0000000100000000)
  region size 1024K, 2 young (2048K), 2 survivors (2048K)
 Metaspace       used 85873K, committed 86656K, reserved 1179648K
  class space    used 11747K, committed 12160K, reserved 1048576K
}
Event: 19.173 GC heap before
{Heap before GC invocations=50 (full 0):
 garbage-first heap   total 225280K, used 177105K [0x0000000084c00000, 0x0000000100000000)
  region size 1024K, 111 young (113664K), 2 survivors (2048K)
 Metaspace       used 86797K, committed 87552K, reserved 1179648K
  class space    used 11924K, committed 12288K, reserved 1048576K
}
Event: 19.178 GC heap after
{Heap after GC invocations=51 (full 0):
 garbage-first heap   total 225280K, used 67650K [0x0000000084c00000, 0x0000000100000000)
  region size 1024K, 4 young (4096K), 4 survivors (4096K)
 Metaspace       used 86797K, committed 87552K, reserved 1179648K
  class space    used 11924K, committed 12288K, reserved 1048576K
}
Event: 19.641 GC heap before
{Heap before GC invocations=51 (full 0):
 garbage-first heap   total 225280K, used 179266K [0x0000000084c00000, 0x0000000100000000)
  region size 1024K, 113 young (115712K), 4 survivors (4096K)
 Metaspace       used 87601K, committed 88320K, reserved 1179648K
  class space    used 11984K, committed 12352K, reserved 1048576K
}
Event: 19.657 GC heap after
{Heap after GC invocations=52 (full 0):
 garbage-first heap   total 225280K, used 83957K [0x0000000084c00000, 0x0000000100000000)
  region size 1024K, 15 young (15360K), 15 survivors (15360K)
 Metaspace       used 87601K, committed 88320K, reserved 1179648K
  class space    used 11984K, committed 12352K, reserved 1048576K
}
Event: 19.837 GC heap before
{Heap before GC invocations=52 (full 0):
 garbage-first heap   total 225280K, used 176117K [0x0000000084c00000, 0x0000000100000000)
  region size 1024K, 102 young (104448K), 15 survivors (15360K)
 Metaspace       used 87602K, committed 88320K, reserved 1179648K
  class space    used 11984K, committed 12352K, reserved 1048576K
}
Event: 19.867 GC heap after
{Heap after GC invocations=53 (full 0):
 garbage-first heap   total 225280K, used 115175K [0x0000000084c00000, 0x0000000100000000)
  region size 1024K, 13 young (13312K), 13 survivors (13312K)
 Metaspace       used 87602K, committed 88320K, reserved 1179648K
  class space    used 11984K, committed 12352K, reserved 1048576K
}
Event: 19.963 GC heap before
{Heap before GC invocations=53 (full 0):
 garbage-first heap   total 225280K, used 169447K [0x0000000084c00000, 0x0000000100000000)
  region size 1024K, 66 young (67584K), 13 survivors (13312K)
 Metaspace       used 87609K, committed 88320K, reserved 1179648K
  class space    used 11984K, committed 12352K, reserved 1048576K
}
Event: 19.983 GC heap after
{Heap after GC invocations=54 (full 0):
 garbage-first heap   total 225280K, used 130046K [0x0000000084c00000, 0x0000000100000000)
  region size 1024K, 9 young (9216K), 9 survivors (9216K)
 Metaspace       used 87609K, committed 88320K, reserved 1179648K
  class space    used 11984K, committed 12352K, reserved 1048576K
}
Event: 20.158 GC heap before
{Heap before GC invocations=54 (full 0):
 garbage-first heap   total 278528K, used 168958K [0x0000000084c00000, 0x0000000100000000)
  region size 1024K, 50 young (51200K), 9 survivors (9216K)
 Metaspace       used 87639K, committed 88320K, reserved 1179648K
  class space    used 11989K, committed 12352K, reserved 1048576K
}
Event: 20.178 GC heap after
{Heap after GC invocations=55 (full 0):
 garbage-first heap   total 557056K, used 138140K [0x0000000084c00000, 0x0000000100000000)
  region size 1024K, 7 young (7168K), 7 survivors (7168K)
 Metaspace       used 87639K, committed 88320K, reserved 1179648K
  class space    used 11989K, committed 12352K, reserved 1048576K
}
Event: 23.344 GC heap before
{Heap before GC invocations=56 (full 0):
 garbage-first heap   total 557056K, used 390044K [0x0000000084c00000, 0x0000000100000000)
  region size 1024K, 247 young (252928K), 7 survivors (7168K)
 Metaspace       used 97679K, committed 98496K, reserved 1179648K
  class space    used 13213K, committed 13632K, reserved 1048576K
}
Event: 23.384 GC heap after
{Heap after GC invocations=57 (full 0):
 garbage-first heap   total 557056K, used 178174K [0x0000000084c00000, 0x0000000100000000)
  region size 1024K, 31 young (31744K), 31 survivors (31744K)
 Metaspace       used 97679K, committed 98496K, reserved 1179648K
  class space    used 13213K, committed 13632K, reserved 1048576K
}
Event: 23.396 GC heap before
{Heap before GC invocations=57 (full 0):
 garbage-first heap   total 557056K, used 179198K [0x0000000084c00000, 0x0000000100000000)
  region size 1024K, 32 young (32768K), 31 survivors (31744K)
 Metaspace       used 97738K, committed 98560K, reserved 1179648K
  class space    used 13220K, committed 13632K, reserved 1048576K
}
Event: 23.429 GC heap after
{Heap after GC invocations=58 (full 0):
 garbage-first heap   total 557056K, used 181606K [0x0000000084c00000, 0x0000000100000000)
  region size 1024K, 4 young (4096K), 4 survivors (4096K)
 Metaspace       used 97738K, committed 98560K, reserved 1179648K
  class space    used 13220K, committed 13632K, reserved 1048576K
}

