# JRE version: OpenJDK Runtime Environment Temurin-21.0.7+6 (21.0.7+6) (build 21.0.7+6-LTS)
# Java VM: OpenJDK 64-Bit Server VM Temurin-21.0.7+6 (21.0.7+6-LTS, mixed mode, sharing, tiered, compressed oops, compressed class ptrs, parallel gc, windows-amd64)
GC Precious Log:
 CardTable entry size: 512
 CPUs: 8 total, 8 available
 Memory: 7883M
 Large Page Support: Disabled
 NUMA Support: Disabled
 Compressed Oops: Enabled (32-bit)
 Alignments: Space 512K, Generation 512K, Heap 2M
 Heap Min Capacity: 100M
 Heap Initial Capacity: 100M
 Heap Max Capacity: 2G
 Pre-touch: Disabled
 Parallel Workers: 8
Heap:
 PSYoungGen      total 18432K, used 4624K [0x00000000d5580000, 0x00000000d6a00000, 0x0000000100000000)
  eden space 16896K, 18% used [0x00000000d5580000,0x00000000d58840c0,0x00000000d6600000)
  from space 1536K, 100% used [0x00000000d6700000,0x00000000d6880000,0x00000000d6880000)
  to   space 1536K, 0% used [0x00000000d6880000,0x00000000d6880000,0x00000000d6a00000)
 ParOldGen       total 98816K, used 98390K [0x0000000080000000, 0x0000000086080000, 0x00000000d5580000)
  object space 98816K, 99% used [0x0000000080000000,0x0000000086015910,0x0000000086080000)
 Metaspace       used 57826K, committed 59136K, reserved 1114112K
  class space    used 5918K, committed 6464K, reserved 1048576K
GC Heap History (20 events):
Event: 22.132 GC heap before
{Heap before GC invocations=48 (full 2):
 PSYoungGen      total 19456K, used 19116K [0x00000000d5580000, 0x00000000d6b00000, 0x0000000100000000)
  eden space 16896K, 100% used [0x00000000d5580000,0x00000000d6600000,0x00000000d6600000)
  from space 2560K, 86% used [0x00000000d6600000,0x00000000d682b328,0x00000000d6880000)
  to   space 2560K, 0% used [0x00000000d6880000,0x00000000d6880000,0x00000000d6b00000)
 ParOldGen       total 78848K, used 78377K [0x0000000080000000, 0x0000000084d00000, 0x00000000d5580000)
  object space 78848K, 99% used [0x0000000080000000,0x0000000084c8a7d8,0x0000000084d00000)
 Metaspace       used 56564K, committed 57856K, reserved 1114112K
  class space    used 5836K, committed 6400K, reserved 1048576K
}
Event: 22.138 GC heap after
{Heap after GC invocations=48 (full 2):
 PSYoungGen      total 18944K, used 1882K [0x00000000d5580000, 0x00000000d6a80000, 0x0000000100000000)
  eden space 16896K, 0% used [0x00000000d5580000,0x00000000d5580000,0x00000000d6600000)
  from space 2048K, 91% used [0x00000000d6880000,0x00000000d6a569b0,0x00000000d6a80000)
  to   space 2048K, 0% used [0x00000000d6680000,0x00000000d6680000,0x00000000d6880000)
 ParOldGen       total 80896K, used 80418K [0x0000000080000000, 0x0000000084f00000, 0x00000000d5580000)
  object space 80896K, 99% used [0x0000000080000000,0x0000000084e889d0,0x0000000084f00000)
 Metaspace       used 56564K, committed 57856K, reserved 1114112K
  class space    used 5836K, committed 6400K, reserved 1048576K
}
Event: 22.200 GC heap before
{Heap before GC invocations=49 (full 2):
 PSYoungGen      total 18944K, used 18778K [0x00000000d5580000, 0x00000000d6a80000, 0x0000000100000000)
  eden space 16896K, 100% used [0x00000000d5580000,0x00000000d6600000,0x00000000d6600000)
  from space 2048K, 91% used [0x00000000d6880000,0x00000000d6a569b0,0x00000000d6a80000)
  to   space 2048K, 0% used [0x00000000d6680000,0x00000000d6680000,0x00000000d6880000)
 ParOldGen       total 80896K, used 80418K [0x0000000080000000, 0x0000000084f00000, 0x00000000d5580000)
  object space 80896K, 99% used [0x0000000080000000,0x0000000084e889d0,0x0000000084f00000)
 Metaspace       used 56578K, committed 57856K, reserved 1114112K
  class space    used 5837K, committed 6400K, reserved 1048576K
}
Event: 22.207 GC heap after
{Heap after GC invocations=49 (full 2):
 PSYoungGen      total 18944K, used 2019K [0x00000000d5580000, 0x00000000d6f00000, 0x0000000100000000)
  eden space 16896K, 0% used [0x00000000d5580000,0x00000000d5580000,0x00000000d6600000)
  from space 2048K, 98% used [0x00000000d6680000,0x00000000d6878ce0,0x00000000d6880000)
  to   space 4608K, 0% used [0x00000000d6a80000,0x00000000d6a80000,0x00000000d6f00000)
 ParOldGen       total 82432K, used 82225K [0x0000000080000000, 0x0000000085080000, 0x00000000d5580000)
  object space 82432K, 99% used [0x0000000080000000,0x000000008504c568,0x0000000085080000)
 Metaspace       used 56578K, committed 57856K, reserved 1114112K
  class space    used 5837K, committed 6400K, reserved 1048576K
}
Event: 22.324 GC heap before
{Heap before GC invocations=50 (full 2):
 PSYoungGen      total 18944K, used 18915K [0x00000000d5580000, 0x00000000d6f00000, 0x0000000100000000)
  eden space 16896K, 100% used [0x00000000d5580000,0x00000000d6600000,0x00000000d6600000)
  from space 2048K, 98% used [0x00000000d6680000,0x00000000d6878ce0,0x00000000d6880000)
  to   space 4608K, 0% used [0x00000000d6a80000,0x00000000d6a80000,0x00000000d6f00000)
 ParOldGen       total 82432K, used 82225K [0x0000000080000000, 0x0000000085080000, 0x00000000d5580000)
  object space 82432K, 99% used [0x0000000080000000,0x000000008504c568,0x0000000085080000)
 Metaspace       used 56597K, committed 57856K, reserved 1114112K
  class space    used 5838K, committed 6400K, reserved 1048576K
}
Event: 22.330 GC heap after
{Heap after GC invocations=50 (full 2):
 PSYoungGen      total 18944K, used 2031K [0x00000000d5580000, 0x00000000d6c80000, 0x0000000100000000)
  eden space 16896K, 0% used [0x00000000d5580000,0x00000000d5580000,0x00000000d6600000)
  from space 2048K, 99% used [0x00000000d6a80000,0x00000000d6c7bf78,0x00000000d6c80000)
  to   space 3072K, 0% used [0x00000000d6680000,0x00000000d6680000,0x00000000d6980000)
 ParOldGen       total 84480K, used 84193K [0x0000000080000000, 0x0000000085280000, 0x00000000d5580000)
  object space 84480K, 99% used [0x0000000080000000,0x00000000852386b0,0x0000000085280000)
 Metaspace       used 56597K, committed 57856K, reserved 1114112K
  class space    used 5838K, committed 6400K, reserved 1048576K
}
Event: 22.438 GC heap before
{Heap before GC invocations=51 (full 2):
 PSYoungGen      total 18944K, used 18927K [0x00000000d5580000, 0x00000000d6c80000, 0x0000000100000000)
  eden space 16896K, 100% used [0x00000000d5580000,0x00000000d6600000,0x00000000d6600000)
  from space 2048K, 99% used [0x00000000d6a80000,0x00000000d6c7bf78,0x00000000d6c80000)
  to   space 3072K, 0% used [0x00000000d6680000,0x00000000d6680000,0x00000000d6980000)
 ParOldGen       total 84480K, used 84193K [0x0000000080000000, 0x0000000085280000, 0x00000000d5580000)
  object space 84480K, 99% used [0x0000000080000000,0x00000000852386b0,0x0000000085280000)
 Metaspace       used 56629K, committed 57920K, reserved 1114112K
  class space    used 5840K, committed 6400K, reserved 1048576K
}
Event: 22.443 GC heap after
{Heap after GC invocations=51 (full 2):
 PSYoungGen      total 18944K, used 1632K [0x00000000d5580000, 0x00000000d6b00000, 0x0000000100000000)
  eden space 16896K, 0% used [0x00000000d5580000,0x00000000d5580000,0x00000000d6600000)
  from space 2048K, 79% used [0x00000000d6680000,0x00000000d6818040,0x00000000d6880000)
  to   space 2048K, 0% used [0x00000000d6900000,0x00000000d6900000,0x00000000d6b00000)
 ParOldGen       total 86528K, used 86089K [0x0000000080000000, 0x0000000085480000, 0x00000000d5580000)
  object space 86528K, 99% used [0x0000000080000000,0x0000000085412428,0x0000000085480000)
 Metaspace       used 56629K, committed 57920K, reserved 1114112K
  class space    used 5840K, committed 6400K, reserved 1048576K
}
Event: 22.507 GC heap before
{Heap before GC invocations=52 (full 2):
 PSYoungGen      total 18944K, used 18528K [0x00000000d5580000, 0x00000000d6b00000, 0x0000000100000000)
  eden space 16896K, 100% used [0x00000000d5580000,0x00000000d6600000,0x00000000d6600000)
  from space 2048K, 79% used [0x00000000d6680000,0x00000000d6818040,0x00000000d6880000)
  to   space 2048K, 0% used [0x00000000d6900000,0x00000000d6900000,0x00000000d6b00000)
 ParOldGen       total 86528K, used 86089K [0x0000000080000000, 0x0000000085480000, 0x00000000d5580000)
  object space 86528K, 99% used [0x0000000080000000,0x0000000085412428,0x0000000085480000)
 Metaspace       used 56658K, committed 57920K, reserved 1114112K
  class space    used 5840K, committed 6400K, reserved 1048576K
}
Event: 22.511 GC heap after
{Heap after GC invocations=52 (full 2):
 PSYoungGen      total 18432K, used 1280K [0x00000000d5580000, 0x00000000d6a80000, 0x0000000100000000)
  eden space 16896K, 0% used [0x00000000d5580000,0x00000000d5580000,0x00000000d6600000)
  from space 1536K, 83% used [0x00000000d6900000,0x00000000d6a40020,0x00000000d6a80000)
  to   space 1536K, 0% used [0x00000000d6780000,0x00000000d6780000,0x00000000d6900000)
 ParOldGen       total 88064K, used 87641K [0x0000000080000000, 0x0000000085600000, 0x00000000d5580000)
  object space 88064K, 99% used [0x0000000080000000,0x0000000085596688,0x0000000085600000)
 Metaspace       used 56658K, committed 57920K, reserved 1114112K
  class space    used 5840K, committed 6400K, reserved 1048576K
}
Event: 22.588 GC heap before
{Heap before GC invocations=53 (full 2):
 PSYoungGen      total 18432K, used 18176K [0x00000000d5580000, 0x00000000d6a80000, 0x0000000100000000)
  eden space 16896K, 100% used [0x00000000d5580000,0x00000000d6600000,0x00000000d6600000)
  from space 1536K, 83% used [0x00000000d6900000,0x00000000d6a40020,0x00000000d6a80000)
  to   space 1536K, 0% used [0x00000000d6780000,0x00000000d6780000,0x00000000d6900000)
 ParOldGen       total 88064K, used 87641K [0x0000000080000000, 0x0000000085600000, 0x00000000d5580000)
  object space 88064K, 99% used [0x0000000080000000,0x0000000085596688,0x0000000085600000)
 Metaspace       used 56682K, committed 57984K, reserved 1114112K
  class space    used 5840K, committed 6400K, reserved 1048576K
}
Event: 22.592 GC heap after
{Heap after GC invocations=53 (full 2):
 PSYoungGen      total 18432K, used 1527K [0x00000000d5580000, 0x00000000d6d00000, 0x0000000100000000)
  eden space 16896K, 0% used [0x00000000d5580000,0x00000000d5580000,0x00000000d6600000)
  from space 1536K, 99% used [0x00000000d6780000,0x00000000d68fddb0,0x00000000d6900000)
  to   space 3584K, 0% used [0x00000000d6980000,0x00000000d6980000,0x00000000d6d00000)
 ParOldGen       total 89088K, used 88945K [0x0000000080000000, 0x0000000085700000, 0x00000000d5580000)
  object space 89088K, 99% used [0x0000000080000000,0x00000000856dc6a8,0x0000000085700000)
 Metaspace       used 56682K, committed 57984K, reserved 1114112K
  class space    used 5840K, committed 6400K, reserved 1048576K
}
Event: 22.719 GC heap before
{Heap before GC invocations=54 (full 2):
 PSYoungGen      total 18432K, used 18423K [0x00000000d5580000, 0x00000000d6d00000, 0x0000000100000000)
  eden space 16896K, 100% used [0x00000000d5580000,0x00000000d6600000,0x00000000d6600000)
  from space 1536K, 99% used [0x00000000d6780000,0x00000000d68fddb0,0x00000000d6900000)
  to   space 3584K, 0% used [0x00000000d6980000,0x00000000d6980000,0x00000000d6d00000)
 ParOldGen       total 89088K, used 88945K [0x0000000080000000, 0x0000000085700000, 0x00000000d5580000)
  object space 89088K, 99% used [0x0000000080000000,0x00000000856dc6a8,0x0000000085700000)
 Metaspace       used 56694K, committed 57984K, reserved 1114112K
  class space    used 5840K, committed 6400K, reserved 1048576K
}
Event: 22.722 GC heap after
{Heap after GC invocations=54 (full 2):
 PSYoungGen      total 18432K, used 1456K [0x00000000d5580000, 0x00000000d6b00000, 0x0000000100000000)
  eden space 16896K, 0% used [0x00000000d5580000,0x00000000d5580000,0x00000000d6600000)
  from space 1536K, 94% used [0x00000000d6980000,0x00000000d6aec030,0x00000000d6b00000)
  to   space 2048K, 0% used [0x00000000d6700000,0x00000000d6700000,0x00000000d6900000)
 ParOldGen       total 90624K, used 90490K [0x0000000080000000, 0x0000000085880000, 0x00000000d5580000)
  object space 90624K, 99% used [0x0000000080000000,0x000000008585e928,0x0000000085880000)
 Metaspace       used 56694K, committed 57984K, reserved 1114112K
  class space    used 5840K, committed 6400K, reserved 1048576K
}
Event: 22.841 GC heap before
{Heap before GC invocations=55 (full 2):
 PSYoungGen      total 18432K, used 18352K [0x00000000d5580000, 0x00000000d6b00000, 0x0000000100000000)
  eden space 16896K, 100% used [0x00000000d5580000,0x00000000d6600000,0x00000000d6600000)
  from space 1536K, 94% used [0x00000000d6980000,0x00000000d6aec030,0x00000000d6b00000)
  to   space 2048K, 0% used [0x00000000d6700000,0x00000000d6700000,0x00000000d6900000)
 ParOldGen       total 90624K, used 90490K [0x0000000080000000, 0x0000000085880000, 0x00000000d5580000)
  object space 90624K, 99% used [0x0000000080000000,0x000000008585e928,0x0000000085880000)
 Metaspace       used 56707K, committed 57984K, reserved 1114112K
  class space    used 5840K, committed 6400K, reserved 1048576K
}
Event: 22.846 GC heap after
{Heap after GC invocations=55 (full 2):
 PSYoungGen      total 18432K, used 1451K [0x00000000d5580000, 0x00000000d6a00000, 0x0000000100000000)
  eden space 16896K, 0% used [0x00000000d5580000,0x00000000d5580000,0x00000000d6600000)
  from space 1536K, 94% used [0x00000000d6700000,0x00000000d686ac00,0x00000000d6880000)
  to   space 1536K, 0% used [0x00000000d6880000,0x00000000d6880000,0x00000000d6a00000)
 ParOldGen       total 92160K, used 91878K [0x0000000080000000, 0x0000000085a00000, 0x00000000d5580000)
  object space 92160K, 99% used [0x0000000080000000,0x00000000859b9980,0x0000000085a00000)
 Metaspace       used 56707K, committed 57984K, reserved 1114112K
  class space    used 5840K, committed 6400K, reserved 1048576K
}
Event: 23.219 GC heap before
{Heap before GC invocations=56 (full 2):
 PSYoungGen      total 18432K, used 18347K [0x00000000d5580000, 0x00000000d6a00000, 0x0000000100000000)
  eden space 16896K, 100% used [0x00000000d5580000,0x00000000d6600000,0x00000000d6600000)
  from space 1536K, 94% used [0x00000000d6700000,0x00000000d686ac00,0x00000000d6880000)
  to   space 1536K, 0% used [0x00000000d6880000,0x00000000d6880000,0x00000000d6a00000)
 ParOldGen       total 92160K, used 91878K [0x0000000080000000, 0x0000000085a00000, 0x00000000d5580000)
  object space 92160K, 99% used [0x0000000080000000,0x00000000859b9980,0x0000000085a00000)
 Metaspace       used 57311K, committed 58624K, reserved 1114112K
  class space    used 5889K, committed 6464K, reserved 1048576K
}
Event: 23.224 GC heap after
{Heap after GC invocations=56 (full 2):
 PSYoungGen      total 18432K, used 1508K [0x00000000d5580000, 0x00000000d6a00000, 0x0000000100000000)
  eden space 16896K, 0% used [0x00000000d5580000,0x00000000d5580000,0x00000000d6600000)
  from space 1536K, 98% used [0x00000000d6880000,0x00000000d69f91b8,0x00000000d6a00000)
  to   space 1536K, 0% used [0x00000000d6700000,0x00000000d6700000,0x00000000d6880000)
 ParOldGen       total 94208K, used 94104K [0x0000000080000000, 0x0000000085c00000, 0x00000000d5580000)
  object space 94208K, 99% used [0x0000000080000000,0x0000000085be61c0,0x0000000085c00000)
 Metaspace       used 57311K, committed 58624K, reserved 1114112K
  class space    used 5889K, committed 6464K, reserved 1048576K
}
Event: 23.542 GC heap before
{Heap before GC invocations=57 (full 2):
 PSYoungGen      total 18432K, used 18404K [0x00000000d5580000, 0x00000000d6a00000, 0x0000000100000000)
  eden space 16896K, 100% used [0x00000000d5580000,0x00000000d6600000,0x00000000d6600000)
  from space 1536K, 98% used [0x00000000d6880000,0x00000000d69f91b8,0x00000000d6a00000)
  to   space 1536K, 0% used [0x00000000d6700000,0x00000000d6700000,0x00000000d6880000)
 ParOldGen       total 94208K, used 94104K [0x0000000080000000, 0x0000000085c00000, 0x00000000d5580000)
  object space 94208K, 99% used [0x0000000080000000,0x0000000085be61c0,0x0000000085c00000)
 Metaspace       used 57798K, committed 59072K, reserved 1114112K
  class space    used 5918K, committed 6464K, reserved 1048576K
}
Event: 23.549 GC heap after
{Heap after GC invocations=57 (full 2):
 PSYoungGen      total 18432K, used 1536K [0x00000000d5580000, 0x00000000d6a00000, 0x0000000100000000)
  eden space 16896K, 0% used [0x00000000d5580000,0x00000000d5580000,0x00000000d6600000)
  from space 1536K, 100% used [0x00000000d6700000,0x00000000d6880000,0x00000000d6880000)
  to   space 1536K, 0% used [0x00000000d6880000,0x00000000d6880000,0x00000000d6a00000)
 ParOldGen       total 98816K, used 98390K [0x0000000080000000, 0x0000000086080000, 0x00000000d5580000)
  object space 98816K, 99% used [0x0000000080000000,0x0000000086015910,0x0000000086080000)
 Metaspace       used 57798K, committed 59072K, reserved 1114112K
  class space    used 5918K, committed 6464K, reserved 1048576K
}

