# JRE version: Java(TM) SE Runtime Environment (17.0.9+11) (build 17.0.9+11-LTS-201)
# Java VM: Java HotSpot(TM) 64-Bit Server VM (17.0.9+11-LTS-201, mixed mode, sharing, tiered, compressed oops, compressed class ptrs, g1 gc, windows-amd64)
GC Precious Log:
 CPUs: 8 total, 8 available
 Memory: 7883M
 Large Page Support: Disabled
 NUMA Support: Disabled
 Compressed Oops: Enabled (32-bit)
 Heap Region Size: 1M
 Heap Min Capacity: 8M
 Heap Initial Capacity: 124M
 Heap Max Capacity: 1972M
 Pre-touch: Disabled
 Parallel Workers: 8
 Concurrent Workers: 2
 Concurrent Refinement Workers: 8
 Periodic GC: Disabled
Heap:
 garbage-first heap   total 263168K, used 123086K [0x0000000084c00000, 0x0000000100000000)
  region size 1024K, 7 young (7168K), 7 survivors (7168K)
 Metaspace       used 128897K, committed 129856K, reserved 1179648K
  class space    used 15443K, committed 15872K, reserved 1048576K
GC Heap History (20 events):
Event: 36818.608 GC heap after
{Heap after GC invocations=250 (full 10):
 garbage-first heap   total 249856K, used 98980K [0x0000000084c00000, 0x0000000100000000)
  region size 1024K, 0 young (0K), 0 survivors (0K)
 Metaspace       used 124736K, committed 125696K, reserved 1179648K
  class space    used 15115K, committed 15552K, reserved 1048576K
}
Event: 36822.052 GC heap before
{Heap before GC invocations=250 (full 10):
 garbage-first heap   total 249856K, used 208548K [0x0000000084c00000, 0x0000000100000000)
  region size 1024K, 107 young (109568K), 0 survivors (0K)
 Metaspace       used 125288K, committed 126208K, reserved 1179648K
  class space    used 15164K, committed 15616K, reserved 1048576K
}
Event: 36822.064 GC heap after
{Heap after GC invocations=251 (full 10):
 garbage-first heap   total 249856K, used 106366K [0x0000000084c00000, 0x0000000100000000)
  region size 1024K, 8 young (8192K), 8 survivors (8192K)
 Metaspace       used 125288K, committed 126208K, reserved 1179648K
  class space    used 15164K, committed 15616K, reserved 1048576K
}
Event: 36823.313 GC heap before
{Heap before GC invocations=252 (full 10):
 garbage-first heap   total 249856K, used 207742K [0x0000000084c00000, 0x0000000100000000)
  region size 1024K, 107 young (109568K), 8 survivors (8192K)
 Metaspace       used 125880K, committed 126784K, reserved 1179648K
  class space    used 15212K, committed 15680K, reserved 1048576K
}
Event: 36823.332 GC heap after
{Heap after GC invocations=253 (full 10):
 garbage-first heap   total 249856K, used 109901K [0x0000000084c00000, 0x0000000100000000)
  region size 1024K, 11 young (11264K), 11 survivors (11264K)
 Metaspace       used 125880K, committed 126784K, reserved 1179648K
  class space    used 15212K, committed 15680K, reserved 1048576K
}
Event: 36823.667 GC heap before
{Heap before GC invocations=253 (full 10):
 garbage-first heap   total 249856K, used 208205K [0x0000000084c00000, 0x0000000100000000)
  region size 1024K, 107 young (109568K), 11 survivors (11264K)
 Metaspace       used 126319K, committed 127232K, reserved 1179648K
  class space    used 15242K, committed 15680K, reserved 1048576K
}
Event: 36823.720 GC heap after
{Heap after GC invocations=254 (full 10):
 garbage-first heap   total 249856K, used 112413K [0x0000000084c00000, 0x0000000100000000)
  region size 1024K, 8 young (8192K), 8 survivors (8192K)
 Metaspace       used 126319K, committed 127232K, reserved 1179648K
  class space    used 15242K, committed 15680K, reserved 1048576K
}
Event: 36824.775 GC heap before
{Heap before GC invocations=255 (full 10):
 garbage-first heap   total 249856K, used 208669K [0x0000000084c00000, 0x0000000100000000)
  region size 1024K, 102 young (104448K), 8 survivors (8192K)
 Metaspace       used 126788K, committed 127744K, reserved 1179648K
  class space    used 15277K, committed 15744K, reserved 1048576K
}
Event: 36824.786 GC heap after
{Heap after GC invocations=256 (full 10):
 garbage-first heap   total 249856K, used 114700K [0x0000000084c00000, 0x0000000100000000)
  region size 1024K, 10 young (10240K), 10 survivors (10240K)
 Metaspace       used 126788K, committed 127744K, reserved 1179648K
  class space    used 15277K, committed 15744K, reserved 1048576K
}
Event: 36830.305 GC heap before
{Heap before GC invocations=256 (full 10):
 garbage-first heap   total 249856K, used 194572K [0x0000000084c00000, 0x0000000100000000)
  region size 1024K, 89 young (91136K), 10 survivors (10240K)
 Metaspace       used 126832K, committed 127744K, reserved 1179648K
  class space    used 15281K, committed 15744K, reserved 1048576K
}
Event: 36830.553 GC heap after
{Heap after GC invocations=257 (full 11):
 garbage-first heap   total 249856K, used 105854K [0x0000000084c00000, 0x0000000100000000)
  region size 1024K, 0 young (0K), 0 survivors (0K)
 Metaspace       used 126813K, committed 127744K, reserved 1179648K
  class space    used 15278K, committed 15744K, reserved 1048576K
}
Event: 36831.852 GC heap before
{Heap before GC invocations=257 (full 11):
 garbage-first heap   total 249856K, used 208254K [0x0000000084c00000, 0x0000000100000000)
  region size 1024K, 100 young (102400K), 0 survivors (0K)
 Metaspace       used 127367K, committed 128320K, reserved 1179648K
  class space    used 15327K, committed 15808K, reserved 1048576K
}
Event: 36831.859 GC heap after
{Heap after GC invocations=258 (full 11):
 garbage-first heap   total 249856K, used 112634K [0x0000000084c00000, 0x0000000100000000)
  region size 1024K, 7 young (7168K), 7 survivors (7168K)
 Metaspace       used 127367K, committed 128320K, reserved 1179648K
  class space    used 15327K, committed 15808K, reserved 1048576K
}
Event: 36832.732 GC heap before
{Heap before GC invocations=259 (full 11):
 garbage-first heap   total 249856K, used 206842K [0x0000000084c00000, 0x0000000100000000)
  region size 1024K, 99 young (101376K), 7 survivors (7168K)
 Metaspace       used 127886K, committed 128832K, reserved 1179648K
  class space    used 15373K, committed 15808K, reserved 1048576K
}
Event: 36832.740 GC heap after
{Heap after GC invocations=260 (full 11):
 garbage-first heap   total 249856K, used 116760K [0x0000000084c00000, 0x0000000100000000)
  region size 1024K, 11 young (11264K), 11 survivors (11264K)
 Metaspace       used 127886K, committed 128832K, reserved 1179648K
  class space    used 15373K, committed 15808K, reserved 1048576K
}
Event: 36833.049 GC heap before
{Heap before GC invocations=260 (full 11):
 garbage-first heap   total 249856K, used 206872K [0x0000000084c00000, 0x0000000100000000)
  region size 1024K, 99 young (101376K), 11 survivors (11264K)
 Metaspace       used 128265K, committed 129216K, reserved 1179648K
  class space    used 15400K, committed 15872K, reserved 1048576K
}
Event: 36833.410 GC heap after
{Heap after GC invocations=261 (full 11):
 garbage-first heap   total 249856K, used 118608K [0x0000000084c00000, 0x0000000100000000)
  region size 1024K, 7 young (7168K), 7 survivors (7168K)
 Metaspace       used 128265K, committed 129216K, reserved 1179648K
  class space    used 15400K, committed 15872K, reserved 1048576K
}
Event: 36833.931 GC heap before
{Heap before GC invocations=262 (full 11):
 garbage-first heap   total 263168K, used 206672K [0x0000000084c00000, 0x0000000100000000)
  region size 1024K, 93 young (95232K), 7 survivors (7168K)
 Metaspace       used 128835K, committed 129792K, reserved 1179648K
  class space    used 15439K, committed 15872K, reserved 1048576K
}
Event: 36833.942 GC heap after
{Heap after GC invocations=263 (full 11):
 garbage-first heap   total 263168K, used 120419K [0x0000000084c00000, 0x0000000100000000)
  region size 1024K, 9 young (9216K), 9 survivors (9216K)
 Metaspace       used 128835K, committed 129792K, reserved 1179648K
  class space    used 15439K, committed 15872K, reserved 1048576K
}
Event: 36834.804 GC heap before
{Heap before GC invocations=263 (full 11):
 garbage-first heap   total 263168K, used 219747K [0x0000000084c00000, 0x0000000100000000)
  region size 1024K, 106 young (108544K), 9 survivors (9216K)
 Metaspace       used 128897K, committed 129856K, reserved 1179648K
  class space    used 15443K, committed 15872K, reserved 1048576K
}

