# JRE version: Java(TM) SE Runtime Environment (17.0.9+11) (build 17.0.9+11-LTS-201)
# Java VM: Java HotSpot(TM) 64-Bit Server VM (17.0.9+11-LTS-201, mixed mode, emulated-client, sharing, tiered, compressed oops, compressed class ptrs, g1 gc, windows-amd64)
GC Precious Log:
 CPUs: 8 total, 8 available
 Memory: 7883M
 Large Page Support: Disabled
 NUMA Support: Disabled
 Compressed Oops: Enabled (32-bit)
 Heap Region Size: 1M
 Heap Min Capacity: 8M
 Heap Initial Capacity: 124M
 Heap Max Capacity: 1972M
 Pre-touch: Disabled
 Parallel Workers: 8
 Concurrent Workers: 2
 Concurrent Refinement Workers: 8
 Periodic GC: Disabled
Heap:
 garbage-first heap   total 126976K, used 55827K [0x0000000084c00000, 0x0000000100000000)
  region size 1024K, 1 young (1024K), 1 survivors (1024K)
 Metaspace       used 75324K, committed 75968K, reserved 1114112K
  class space    used 11088K, committed 11392K, reserved 1048576K
GC Heap History (20 events):
Event: 7.724 GC heap after
{Heap after GC invocations=23 (full 0):
 garbage-first heap   total 95232K, used 39576K [0x0000000084c00000, 0x0000000100000000)
  region size 1024K, 3 young (3072K), 3 survivors (3072K)
 Metaspace       used 69445K, committed 70080K, reserved 1114112K
  class space    used 10222K, committed 10560K, reserved 1048576K
}
Event: 7.955 GC heap before
{Heap before GC invocations=24 (full 0):
 garbage-first heap   total 95232K, used 74392K [0x0000000084c00000, 0x0000000100000000)
  region size 1024K, 38 young (38912K), 3 survivors (3072K)
 Metaspace       used 70953K, committed 71552K, reserved 1114112K
  class space    used 10452K, committed 10752K, reserved 1048576K
}
Event: 7.958 GC heap after
{Heap after GC invocations=25 (full 0):
 garbage-first heap   total 95232K, used 40489K [0x0000000084c00000, 0x0000000100000000)
  region size 1024K, 2 young (2048K), 2 survivors (2048K)
 Metaspace       used 70953K, committed 71552K, reserved 1114112K
  class space    used 10452K, committed 10752K, reserved 1048576K
}
Event: 8.073 GC heap before
{Heap before GC invocations=25 (full 0):
 garbage-first heap   total 95232K, used 76329K [0x0000000084c00000, 0x0000000100000000)
  region size 1024K, 37 young (37888K), 2 survivors (2048K)
 Metaspace       used 71046K, committed 71616K, reserved 1114112K
  class space    used 10465K, committed 10752K, reserved 1048576K
}
Event: 8.076 GC heap after
{Heap after GC invocations=26 (full 0):
 garbage-first heap   total 95232K, used 41212K [0x0000000084c00000, 0x0000000100000000)
  region size 1024K, 3 young (3072K), 3 survivors (3072K)
 Metaspace       used 71046K, committed 71616K, reserved 1114112K
  class space    used 10465K, committed 10752K, reserved 1048576K
}
Event: 8.239 GC heap before
{Heap before GC invocations=26 (full 0):
 garbage-first heap   total 95232K, used 77052K [0x0000000084c00000, 0x0000000100000000)
  region size 1024K, 38 young (38912K), 3 survivors (3072K)
 Metaspace       used 71226K, committed 71872K, reserved 1114112K
  class space    used 10486K, committed 10816K, reserved 1048576K
}
Event: 8.242 GC heap after
{Heap after GC invocations=27 (full 0):
 garbage-first heap   total 95232K, used 41829K [0x0000000084c00000, 0x0000000100000000)
  region size 1024K, 4 young (4096K), 4 survivors (4096K)
 Metaspace       used 71226K, committed 71872K, reserved 1114112K
  class space    used 10486K, committed 10816K, reserved 1048576K
}
Event: 8.424 GC heap before
{Heap before GC invocations=27 (full 0):
 garbage-first heap   total 95232K, used 77669K [0x0000000084c00000, 0x0000000100000000)
  region size 1024K, 39 young (39936K), 4 survivors (4096K)
 Metaspace       used 71705K, committed 72384K, reserved 1114112K
  class space    used 10535K, committed 10880K, reserved 1048576K
}
Event: 8.427 GC heap after
{Heap after GC invocations=28 (full 0):
 garbage-first heap   total 95232K, used 42593K [0x0000000084c00000, 0x0000000100000000)
  region size 1024K, 4 young (4096K), 4 survivors (4096K)
 Metaspace       used 71705K, committed 72384K, reserved 1114112K
  class space    used 10535K, committed 10880K, reserved 1048576K
}
Event: 8.489 GC heap before
{Heap before GC invocations=28 (full 0):
 garbage-first heap   total 95232K, used 78433K [0x0000000084c00000, 0x0000000100000000)
  region size 1024K, 39 young (39936K), 4 survivors (4096K)
 Metaspace       used 71726K, committed 72448K, reserved 1114112K
  class space    used 10538K, committed 10880K, reserved 1048576K
}
Event: 8.494 GC heap after
{Heap after GC invocations=29 (full 0):
 garbage-first heap   total 114688K, used 45436K [0x0000000084c00000, 0x0000000100000000)
  region size 1024K, 5 young (5120K), 5 survivors (5120K)
 Metaspace       used 71726K, committed 72448K, reserved 1114112K
  class space    used 10538K, committed 10880K, reserved 1048576K
}
Event: 8.588 GC heap before
{Heap before GC invocations=29 (full 0):
 garbage-first heap   total 114688K, used 94588K [0x0000000084c00000, 0x0000000100000000)
  region size 1024K, 53 young (54272K), 5 survivors (5120K)
 Metaspace       used 71727K, committed 72448K, reserved 1114112K
  class space    used 10538K, committed 10880K, reserved 1048576K
}
Event: 8.598 GC heap after
{Heap after GC invocations=30 (full 0):
 garbage-first heap   total 114688K, used 56406K [0x0000000084c00000, 0x0000000100000000)
  region size 1024K, 7 young (7168K), 7 survivors (7168K)
 Metaspace       used 71727K, committed 72448K, reserved 1114112K
  class space    used 10538K, committed 10880K, reserved 1048576K
}
Event: 8.801 GC heap before
{Heap before GC invocations=30 (full 0):
 garbage-first heap   total 114688K, used 90198K [0x0000000084c00000, 0x0000000100000000)
  region size 1024K, 40 young (40960K), 7 survivors (7168K)
 Metaspace       used 72647K, committed 73280K, reserved 1114112K
  class space    used 10674K, committed 11008K, reserved 1048576K
}
Event: 8.807 GC heap after
{Heap after GC invocations=31 (full 0):
 garbage-first heap   total 114688K, used 59655K [0x0000000084c00000, 0x0000000100000000)
  region size 1024K, 3 young (3072K), 3 survivors (3072K)
 Metaspace       used 72647K, committed 73280K, reserved 1114112K
  class space    used 10674K, committed 11008K, reserved 1048576K
}
Event: 9.026 GC heap before
{Heap before GC invocations=31 (full 0):
 garbage-first heap   total 114688K, used 91399K [0x0000000084c00000, 0x0000000100000000)
  region size 1024K, 34 young (34816K), 3 survivors (3072K)
 Metaspace       used 73714K, committed 74368K, reserved 1114112K
  class space    used 10829K, committed 11136K, reserved 1048576K
}
Event: 9.030 GC heap after
{Heap after GC invocations=32 (full 0):
 garbage-first heap   total 114688K, used 60223K [0x0000000084c00000, 0x0000000100000000)
  region size 1024K, 4 young (4096K), 4 survivors (4096K)
 Metaspace       used 73714K, committed 74368K, reserved 1114112K
  class space    used 10829K, committed 11136K, reserved 1048576K
}
Event: 9.397 GC heap before
{Heap before GC invocations=33 (full 0):
 garbage-first heap   total 114688K, used 90943K [0x0000000084c00000, 0x0000000100000000)
  region size 1024K, 35 young (35840K), 4 survivors (4096K)
 Metaspace       used 75324K, committed 75968K, reserved 1114112K
  class space    used 11088K, committed 11392K, reserved 1048576K
}
Event: 9.401 GC heap after
{Heap after GC invocations=34 (full 0):
 garbage-first heap   total 114688K, used 61122K [0x0000000084c00000, 0x0000000100000000)
  region size 1024K, 4 young (4096K), 4 survivors (4096K)
 Metaspace       used 75324K, committed 75968K, reserved 1114112K
  class space    used 11088K, committed 11392K, reserved 1048576K
}
Event: 9.408 GC heap before
{Heap before GC invocations=34 (full 0):
 garbage-first heap   total 114688K, used 62146K [0x0000000084c00000, 0x0000000100000000)
  region size 1024K, 5 young (5120K), 4 survivors (4096K)
 Metaspace       used 75324K, committed 75968K, reserved 1114112K
  class space    used 11088K, committed 11392K, reserved 1048576K
}

