# JRE version: Java(TM) SE Runtime Environment (17.0.9+11) (build 17.0.9+11-LTS-201)
# Java VM: Java HotSpot(TM) 64-Bit Server VM (17.0.9+11-LTS-201, mixed mode, sharing, tiered, compressed oops, compressed class ptrs, g1 gc, windows-amd64)
GC Precious Log:
 CPUs: 8 total, 8 available
 Memory: 7883M
 Large Page Support: Disabled
 NUMA Support: Disabled
 Compressed Oops: Enabled (32-bit)
 Heap Region Size: 1M
 Heap Min Capacity: 8M
 Heap Initial Capacity: 124M
 Heap Max Capacity: 1972M
 Pre-touch: Disabled
 Parallel Workers: 8
 Concurrent Workers: 2
 Concurrent Refinement Workers: 8
 Periodic GC: Disabled
Heap:
 garbage-first heap   total 129024K, used 63509K [0x0000000084c00000, 0x0000000100000000)
  region size 1024K, 11 young (11264K), 5 survivors (5120K)
 Metaspace       used 88828K, committed 89536K, reserved 1179648K
  class space    used 12174K, committed 12480K, reserved 1048576K
GC Heap History (20 events):
Event: 16.318 GC heap before
{Heap before GC invocations=38 (full 0):
 garbage-first heap   total 105472K, used 87547K [0x0000000084c00000, 0x0000000100000000)
  region size 1024K, 44 young (45056K), 4 survivors (4096K)
 Metaspace       used 79763K, committed 80384K, reserved 1179648K
  class space    used 10865K, committed 11200K, reserved 1048576K
}
Event: 16.323 GC heap after
{Heap after GC invocations=39 (full 0):
 garbage-first heap   total 105472K, used 47851K [0x0000000084c00000, 0x0000000100000000)
  region size 1024K, 4 young (4096K), 4 survivors (4096K)
 Metaspace       used 79763K, committed 80384K, reserved 1179648K
  class space    used 10865K, committed 11200K, reserved 1048576K
}
Event: 16.487 GC heap before
{Heap before GC invocations=39 (full 0):
 garbage-first heap   total 105472K, used 87787K [0x0000000084c00000, 0x0000000100000000)
  region size 1024K, 43 young (44032K), 4 survivors (4096K)
 Metaspace       used 79772K, committed 80384K, reserved 1179648K
  class space    used 10865K, committed 11200K, reserved 1048576K
}
Event: 16.498 GC heap after
{Heap after GC invocations=40 (full 0):
 garbage-first heap   total 105472K, used 57522K [0x0000000084c00000, 0x0000000100000000)
  region size 1024K, 6 young (6144K), 6 survivors (6144K)
 Metaspace       used 79772K, committed 80384K, reserved 1179648K
  class space    used 10865K, committed 11200K, reserved 1048576K
}
Event: 16.583 GC heap before
{Heap before GC invocations=40 (full 0):
 garbage-first heap   total 105472K, used 82098K [0x0000000084c00000, 0x0000000100000000)
  region size 1024K, 30 young (30720K), 6 survivors (6144K)
 Metaspace       used 79775K, committed 80384K, reserved 1179648K
  class space    used 10865K, committed 11200K, reserved 1048576K
}
Event: 16.591 GC heap after
{Heap after GC invocations=41 (full 0):
 garbage-first heap   total 129024K, used 61815K [0x0000000084c00000, 0x0000000100000000)
  region size 1024K, 4 young (4096K), 4 survivors (4096K)
 Metaspace       used 79775K, committed 80384K, reserved 1179648K
  class space    used 10865K, committed 11200K, reserved 1048576K
}
Event: 16.935 GC heap before
{Heap before GC invocations=42 (full 0):
 garbage-first heap   total 129024K, used 96631K [0x0000000084c00000, 0x0000000100000000)
  region size 1024K, 38 young (38912K), 4 survivors (4096K)
 Metaspace       used 80784K, committed 81408K, reserved 1179648K
  class space    used 10999K, committed 11328K, reserved 1048576K
}
Event: 16.941 GC heap after
{Heap after GC invocations=43 (full 0):
 garbage-first heap   total 129024K, used 63414K [0x0000000084c00000, 0x0000000100000000)
  region size 1024K, 2 young (2048K), 2 survivors (2048K)
 Metaspace       used 80784K, committed 81408K, reserved 1179648K
  class space    used 10999K, committed 11328K, reserved 1048576K
}
Event: 16.966 GC heap before
{Heap before GC invocations=43 (full 0):
 garbage-first heap   total 129024K, used 67510K [0x0000000084c00000, 0x0000000100000000)
  region size 1024K, 6 young (6144K), 2 survivors (2048K)
 Metaspace       used 80815K, committed 81472K, reserved 1179648K
  class space    used 11001K, committed 11328K, reserved 1048576K
}
Event: 16.969 GC heap after
{Heap after GC invocations=44 (full 0):
 garbage-first heap   total 129024K, used 63243K [0x0000000084c00000, 0x0000000100000000)
  region size 1024K, 1 young (1024K), 1 survivors (1024K)
 Metaspace       used 80815K, committed 81472K, reserved 1179648K
  class space    used 11001K, committed 11328K, reserved 1048576K
}
Event: 17.402 GC heap before
{Heap before GC invocations=44 (full 0):
 garbage-first heap   total 129024K, used 99083K [0x0000000084c00000, 0x0000000100000000)
  region size 1024K, 36 young (36864K), 1 survivors (1024K)
 Metaspace       used 82914K, committed 83520K, reserved 1179648K
  class space    used 11293K, committed 11584K, reserved 1048576K
}
Event: 17.406 GC heap after
{Heap after GC invocations=45 (full 0):
 garbage-first heap   total 129024K, used 64776K [0x0000000084c00000, 0x0000000100000000)
  region size 1024K, 2 young (2048K), 2 survivors (2048K)
 Metaspace       used 82914K, committed 83520K, reserved 1179648K
  class space    used 11293K, committed 11584K, reserved 1048576K
}
Event: 18.045 GC heap before
{Heap before GC invocations=46 (full 0):
 garbage-first heap   total 129024K, used 95496K [0x0000000084c00000, 0x0000000100000000)
  region size 1024K, 38 young (38912K), 2 survivors (2048K)
 Metaspace       used 84205K, committed 84928K, reserved 1179648K
  class space    used 11494K, committed 11840K, reserved 1048576K
}
Event: 18.050 GC heap after
{Heap after GC invocations=47 (full 0):
 garbage-first heap   total 129024K, used 60292K [0x0000000084c00000, 0x0000000100000000)
  region size 1024K, 4 young (4096K), 4 survivors (4096K)
 Metaspace       used 84205K, committed 84928K, reserved 1179648K
  class space    used 11494K, committed 11840K, reserved 1048576K
}
Event: 18.066 GC heap before
{Heap before GC invocations=47 (full 0):
 garbage-first heap   total 129024K, used 62340K [0x0000000084c00000, 0x0000000100000000)
  region size 1024K, 6 young (6144K), 4 survivors (4096K)
 Metaspace       used 84215K, committed 84928K, reserved 1179648K
  class space    used 11495K, committed 11840K, reserved 1048576K
}
Event: 18.072 GC heap after
{Heap after GC invocations=48 (full 0):
 garbage-first heap   total 129024K, used 54933K [0x0000000084c00000, 0x0000000100000000)
  region size 1024K, 1 young (1024K), 1 survivors (1024K)
 Metaspace       used 84215K, committed 84928K, reserved 1179648K
  class space    used 11495K, committed 11840K, reserved 1048576K
}
Event: 18.719 GC heap before
{Heap before GC invocations=48 (full 0):
 garbage-first heap   total 129024K, used 99989K [0x0000000084c00000, 0x0000000100000000)
  region size 1024K, 45 young (46080K), 1 survivors (1024K)
 Metaspace       used 86031K, committed 86656K, reserved 1179648K
  class space    used 11755K, committed 12032K, reserved 1048576K
}
Event: 18.724 GC heap after
{Heap after GC invocations=49 (full 0):
 garbage-first heap   total 129024K, used 57447K [0x0000000084c00000, 0x0000000100000000)
  region size 1024K, 4 young (4096K), 4 survivors (4096K)
 Metaspace       used 86031K, committed 86656K, reserved 1179648K
  class space    used 11755K, committed 12032K, reserved 1048576K
}
Event: 19.917 GC heap before
{Heap before GC invocations=49 (full 0):
 garbage-first heap   total 129024K, used 101479K [0x0000000084c00000, 0x0000000100000000)
  region size 1024K, 47 young (48128K), 4 survivors (4096K)
 Metaspace       used 88462K, committed 89088K, reserved 1179648K
  class space    used 12128K, committed 12416K, reserved 1048576K
}
Event: 19.923 GC heap after
{Heap after GC invocations=50 (full 0):
 garbage-first heap   total 129024K, used 59413K [0x0000000084c00000, 0x0000000100000000)
  region size 1024K, 5 young (5120K), 5 survivors (5120K)
 Metaspace       used 88462K, committed 89088K, reserved 1179648K
  class space    used 12128K, committed 12416K, reserved 1048576K
}

