# JRE version: Java(TM) SE Runtime Environment (17.0.9+11) (build 17.0.9+11-LTS-201)
# Java VM: Java HotSpot(TM) 64-Bit Server VM (17.0.9+11-LTS-201, mixed mode, sharing, tiered, compressed oops, compressed class ptrs, g1 gc, windows-amd64)
GC Precious Log:
 CPUs: 8 total, 8 available
 Memory: 7883M
 Large Page Support: Disabled
 NUMA Support: Disabled
 Compressed Oops: Enabled (32-bit)
 Heap Region Size: 1M
 Heap Min Capacity: 8M
 Heap Initial Capacity: 124M
 Heap Max Capacity: 1972M
 Pre-touch: Disabled
 Parallel Workers: 8
 Concurrent Workers: 2
 Concurrent Refinement Workers: 8
 Periodic GC: Disabled
Heap:
 garbage-first heap   total 160768K, used 81228K [0x0000000084c00000, 0x0000000100000000)
  region size 1024K, 21 young (21504K), 4 survivors (4096K)
 Metaspace       used 84527K, committed 85184K, reserved 1179648K
  class space    used 11567K, committed 11904K, reserved 1048576K
GC Heap History (20 events):
Event: 6.941 GC heap before
{Heap before GC invocations=13 (full 0):
 garbage-first heap   total 96256K, used 73517K [0x0000000084c00000, 0x0000000100000000)
  region size 1024K, 46 young (47104K), 5 survivors (5120K)
 Metaspace       used 55407K, committed 55936K, reserved 1114112K
  class space    used 7033K, committed 7296K, reserved 1048576K
}
Event: 6.947 GC heap after
{Heap after GC invocations=14 (full 0):
 garbage-first heap   total 96256K, used 34930K [0x0000000084c00000, 0x0000000100000000)
  region size 1024K, 6 young (6144K), 6 survivors (6144K)
 Metaspace       used 55407K, committed 55936K, reserved 1114112K
  class space    used 7033K, committed 7296K, reserved 1048576K
}
Event: 7.363 GC heap before
{Heap before GC invocations=14 (full 0):
 garbage-first heap   total 96256K, used 60530K [0x0000000084c00000, 0x0000000100000000)
  region size 1024K, 32 young (32768K), 6 survivors (6144K)
 Metaspace       used 59762K, committed 60288K, reserved 1114112K
  class space    used 7765K, committed 8064K, reserved 1048576K
}
Event: 7.367 GC heap after
{Heap after GC invocations=15 (full 0):
 garbage-first heap   total 96256K, used 36164K [0x0000000084c00000, 0x0000000100000000)
  region size 1024K, 2 young (2048K), 2 survivors (2048K)
 Metaspace       used 59762K, committed 60288K, reserved 1114112K
  class space    used 7765K, committed 8064K, reserved 1048576K
}
Event: 7.997 GC heap before
{Heap before GC invocations=16 (full 0):
 garbage-first heap   total 96256K, used 75076K [0x0000000084c00000, 0x0000000100000000)
  region size 1024K, 40 young (40960K), 2 survivors (2048K)
 Metaspace       used 66111K, committed 66752K, reserved 1114112K
  class space    used 8647K, committed 8960K, reserved 1048576K
}
Event: 8.001 GC heap after
{Heap after GC invocations=17 (full 0):
 garbage-first heap   total 96256K, used 37664K [0x0000000084c00000, 0x0000000100000000)
  region size 1024K, 3 young (3072K), 3 survivors (3072K)
 Metaspace       used 66111K, committed 66752K, reserved 1114112K
  class space    used 8647K, committed 8960K, reserved 1048576K
}
Event: 8.633 GC heap before
{Heap before GC invocations=17 (full 0):
 garbage-first heap   total 96256K, used 76576K [0x0000000084c00000, 0x0000000100000000)
  region size 1024K, 41 young (41984K), 3 survivors (3072K)
 Metaspace       used 72928K, committed 73536K, reserved 1114112K
  class space    used 9719K, committed 10048K, reserved 1048576K
}
Event: 8.636 GC heap after
{Heap after GC invocations=18 (full 0):
 garbage-first heap   total 96256K, used 38830K [0x0000000084c00000, 0x0000000100000000)
  region size 1024K, 4 young (4096K), 4 survivors (4096K)
 Metaspace       used 72928K, committed 73536K, reserved 1114112K
  class space    used 9719K, committed 10048K, reserved 1048576K
}
Event: 9.220 GC heap before
{Heap before GC invocations=18 (full 0):
 garbage-first heap   total 96256K, used 77742K [0x0000000084c00000, 0x0000000100000000)
  region size 1024K, 42 young (43008K), 4 survivors (4096K)
 Metaspace       used 77180K, committed 77824K, reserved 1179648K
  class space    used 10322K, committed 10624K, reserved 1048576K
}
Event: 9.226 GC heap after
{Heap after GC invocations=19 (full 0):
 garbage-first heap   total 96256K, used 42065K [0x0000000084c00000, 0x0000000100000000)
  region size 1024K, 6 young (6144K), 6 survivors (6144K)
 Metaspace       used 77180K, committed 77824K, reserved 1179648K
  class space    used 10322K, committed 10624K, reserved 1048576K
}
Event: 9.401 GC heap before
{Heap before GC invocations=19 (full 0):
 garbage-first heap   total 96256K, used 83025K [0x0000000084c00000, 0x0000000100000000)
  region size 1024K, 40 young (40960K), 6 survivors (6144K)
 Metaspace       used 77323K, committed 77952K, reserved 1179648K
  class space    used 10340K, committed 10624K, reserved 1048576K
}
Event: 9.423 GC heap after
{Heap after GC invocations=20 (full 0):
 garbage-first heap   total 105472K, used 63175K [0x0000000084c00000, 0x0000000100000000)
  region size 1024K, 5 young (5120K), 5 survivors (5120K)
 Metaspace       used 77323K, committed 77952K, reserved 1179648K
  class space    used 10340K, committed 10624K, reserved 1048576K
}
Event: 9.555 GC heap before
{Heap before GC invocations=20 (full 0):
 garbage-first heap   total 105472K, used 78535K [0x0000000084c00000, 0x0000000100000000)
  region size 1024K, 20 young (20480K), 5 survivors (5120K)
 Metaspace       used 77921K, committed 78592K, reserved 1179648K
  class space    used 10396K, committed 10688K, reserved 1048576K
}
Event: 9.563 GC heap after
{Heap after GC invocations=21 (full 0):
 garbage-first heap   total 105472K, used 66069K [0x0000000084c00000, 0x0000000100000000)
  region size 1024K, 2 young (2048K), 2 survivors (2048K)
 Metaspace       used 77921K, committed 78592K, reserved 1179648K
  class space    used 10396K, committed 10688K, reserved 1048576K
}
Event: 9.762 GC heap before
{Heap before GC invocations=22 (full 0):
 garbage-first heap   total 116736K, used 77333K [0x0000000084c00000, 0x0000000100000000)
  region size 1024K, 17 young (17408K), 2 survivors (2048K)
 Metaspace       used 79349K, committed 80000K, reserved 1179648K
  class space    used 10621K, committed 10944K, reserved 1048576K
}
Event: 9.765 GC heap after
{Heap after GC invocations=23 (full 0):
 garbage-first heap   total 116736K, used 62224K [0x0000000084c00000, 0x0000000100000000)
  region size 1024K, 2 young (2048K), 2 survivors (2048K)
 Metaspace       used 79349K, committed 80000K, reserved 1179648K
  class space    used 10621K, committed 10944K, reserved 1048576K
}
Event: 9.794 GC heap before
{Heap before GC invocations=23 (full 0):
 garbage-first heap   total 116736K, used 65296K [0x0000000084c00000, 0x0000000100000000)
  region size 1024K, 5 young (5120K), 2 survivors (2048K)
 Metaspace       used 79433K, committed 80128K, reserved 1179648K
  class space    used 10633K, committed 10944K, reserved 1048576K
}
Event: 9.798 GC heap after
{Heap after GC invocations=24 (full 0):
 garbage-first heap   total 160768K, used 62722K [0x0000000084c00000, 0x0000000100000000)
  region size 1024K, 1 young (1024K), 1 survivors (1024K)
 Metaspace       used 79433K, committed 80128K, reserved 1179648K
  class space    used 10633K, committed 10944K, reserved 1048576K
}
Event: 10.586 GC heap before
{Heap before GC invocations=24 (full 0):
 garbage-first heap   total 160768K, used 123138K [0x0000000084c00000, 0x0000000100000000)
  region size 1024K, 60 young (61440K), 1 survivors (1024K)
 Metaspace       used 84439K, committed 85120K, reserved 1179648K
  class space    used 11567K, committed 11904K, reserved 1048576K
}
Event: 10.591 GC heap after
{Heap after GC invocations=25 (full 0):
 garbage-first heap   total 160768K, used 65868K [0x0000000084c00000, 0x0000000100000000)
  region size 1024K, 4 young (4096K), 4 survivors (4096K)
 Metaspace       used 84439K, committed 85120K, reserved 1179648K
  class space    used 11567K, committed 11904K, reserved 1048576K
}

