# JRE version: Java(TM) SE Runtime Environment (17.0.9+11) (build 17.0.9+11-LTS-201)
# Java VM: Java HotSpot(TM) 64-Bit Server VM (17.0.9+11-LTS-201, mixed mode, sharing, tiered, compressed oops, compressed class ptrs, g1 gc, windows-amd64)
GC Precious Log:
 CPUs: 8 total, 8 available
 Memory: 7883M
 Large Page Support: Disabled
 NUMA Support: Disabled
 Compressed Oops: Enabled (32-bit)
 Heap Region Size: 1M
 Heap Min Capacity: 8M
 Heap Initial Capacity: 124M
 Heap Max Capacity: 1972M
 Pre-touch: Disabled
 Parallel Workers: 8
 Concurrent Workers: 2
 Concurrent Refinement Workers: 8
 Periodic GC: Disabled
Heap:
 garbage-first heap   total 181248K, used 88328K [0x0000000084c00000, 0x0000000100000000)
  region size 1024K, 3 young (3072K), 3 survivors (3072K)
 Metaspace       used 105885K, committed 106688K, reserved 1179648K
  class space    used 14118K, committed 14528K, reserved 1048576K
GC Heap History (20 events):
Event: 12.685 GC heap after
{Heap after GC invocations=40 (full 0):
 garbage-first heap   total 464896K, used 176782K [0x0000000084c00000, 0x0000000100000000)
  region size 1024K, 3 young (3072K), 3 survivors (3072K)
 Metaspace       used 94732K, committed 95488K, reserved 1179648K
  class space    used 12808K, committed 13184K, reserved 1048576K
}
Event: 233.129 GC heap before
{Heap before GC invocations=40 (full 0):
 garbage-first heap   total 464896K, used 329358K [0x0000000084c00000, 0x0000000100000000)
  region size 1024K, 152 young (155648K), 3 survivors (3072K)
 Metaspace       used 102822K, committed 103616K, reserved 1179648K
  class space    used 13907K, committed 14272K, reserved 1048576K
}
Event: 233.206 GC heap after
{Heap after GC invocations=41 (full 0):
 garbage-first heap   total 464896K, used 178786K [0x0000000084c00000, 0x0000000100000000)
  region size 1024K, 5 young (5120K), 5 survivors (5120K)
 Metaspace       used 102822K, committed 103616K, reserved 1179648K
  class space    used 13907K, committed 14272K, reserved 1048576K
}
Event: 692.784 GC heap before
{Heap before GC invocations=41 (full 0):
 garbage-first heap   total 464896K, used 295522K [0x0000000084c00000, 0x0000000100000000)
  region size 1024K, 119 young (121856K), 5 survivors (5120K)
 Metaspace       used 103053K, committed 103872K, reserved 1179648K
  class space    used 13935K, committed 14336K, reserved 1048576K
}
Event: 692.830 GC heap after
{Heap after GC invocations=42 (full 0):
 garbage-first heap   total 464896K, used 178364K [0x0000000084c00000, 0x0000000100000000)
  region size 1024K, 5 young (5120K), 5 survivors (5120K)
 Metaspace       used 103053K, committed 103872K, reserved 1179648K
  class space    used 13935K, committed 14336K, reserved 1048576K
}
Event: 696.172 GC heap before
{Heap before GC invocations=42 (full 0):
 garbage-first heap   total 464896K, used 181436K [0x0000000084c00000, 0x0000000100000000)
  region size 1024K, 9 young (9216K), 5 survivors (5120K)
 Metaspace       used 103162K, committed 104000K, reserved 1179648K
  class space    used 13954K, committed 14336K, reserved 1048576K
}
Event: 697.055 GC heap after
{Heap after GC invocations=43 (full 1):
 garbage-first heap   total 181248K, used 50437K [0x0000000084c00000, 0x0000000100000000)
  region size 1024K, 0 young (0K), 0 survivors (0K)
 Metaspace       used 103149K, committed 104000K, reserved 1179648K
  class space    used 13951K, committed 14336K, reserved 1048576K
}
Event: 707.058 GC heap before
{Heap before GC invocations=43 (full 1):
 garbage-first heap   total 181248K, used 135429K [0x0000000084c00000, 0x0000000100000000)
  region size 1024K, 84 young (86016K), 0 survivors (0K)
 Metaspace       used 103893K, committed 104704K, reserved 1179648K
  class space    used 14009K, committed 14400K, reserved 1048576K
}
Event: 707.082 GC heap after
{Heap after GC invocations=44 (full 1):
 garbage-first heap   total 181248K, used 56819K [0x0000000084c00000, 0x0000000100000000)
  region size 1024K, 7 young (7168K), 7 survivors (7168K)
 Metaspace       used 103893K, committed 104704K, reserved 1179648K
  class space    used 14009K, committed 14400K, reserved 1048576K
}
Event: 710.109 GC heap before
{Heap before GC invocations=45 (full 1):
 garbage-first heap   total 181248K, used 136691K [0x0000000084c00000, 0x0000000100000000)
  region size 1024K, 85 young (87040K), 7 survivors (7168K)
 Metaspace       used 104436K, committed 105344K, reserved 1179648K
  class space    used 14037K, committed 14464K, reserved 1048576K
}
Event: 710.196 GC heap after
{Heap after GC invocations=46 (full 1):
 garbage-first heap   total 181248K, used 60398K [0x0000000084c00000, 0x0000000100000000)
  region size 1024K, 4 young (4096K), 4 survivors (4096K)
 Metaspace       used 104436K, committed 105344K, reserved 1179648K
  class space    used 14037K, committed 14464K, reserved 1048576K
}
Event: 712.889 GC heap before
{Heap before GC invocations=46 (full 1):
 garbage-first heap   total 181248K, used 102382K [0x0000000084c00000, 0x0000000100000000)
  region size 1024K, 46 young (47104K), 4 survivors (4096K)
 Metaspace       used 104866K, committed 105728K, reserved 1179648K
  class space    used 14062K, committed 14464K, reserved 1048576K
}
Event: 712.897 GC heap after
{Heap after GC invocations=47 (full 1):
 garbage-first heap   total 181248K, used 65081K [0x0000000084c00000, 0x0000000100000000)
  region size 1024K, 9 young (9216K), 9 survivors (9216K)
 Metaspace       used 104866K, committed 105728K, reserved 1179648K
  class space    used 14062K, committed 14464K, reserved 1048576K
}
Event: 713.141 GC heap before
{Heap before GC invocations=48 (full 1):
 garbage-first heap   total 181248K, used 78393K [0x0000000084c00000, 0x0000000100000000)
  region size 1024K, 22 young (22528K), 9 survivors (9216K)
 Metaspace       used 104866K, committed 105728K, reserved 1179648K
  class space    used 14062K, committed 14464K, reserved 1048576K
}
Event: 713.161 GC heap after
{Heap after GC invocations=49 (full 1):
 garbage-first heap   total 181248K, used 70281K [0x0000000084c00000, 0x0000000100000000)
  region size 1024K, 10 young (10240K), 10 survivors (10240K)
 Metaspace       used 104866K, committed 105728K, reserved 1179648K
  class space    used 14062K, committed 14464K, reserved 1048576K
}
Event: 713.495 GC heap before
{Heap before GC invocations=50 (full 1):
 garbage-first heap   total 181248K, used 78473K [0x0000000084c00000, 0x0000000100000000)
  region size 1024K, 17 young (17408K), 10 survivors (10240K)
 Metaspace       used 104867K, committed 105728K, reserved 1179648K
  class space    used 14062K, committed 14464K, reserved 1048576K
}
Event: 713.520 GC heap after
{Heap after GC invocations=51 (full 1):
 garbage-first heap   total 181248K, used 77611K [0x0000000084c00000, 0x0000000100000000)
  region size 1024K, 9 young (9216K), 9 survivors (9216K)
 Metaspace       used 104867K, committed 105728K, reserved 1179648K
  class space    used 14062K, committed 14464K, reserved 1048576K
}
Event: 714.460 GC heap before
{Heap before GC invocations=52 (full 1):
 garbage-first heap   total 181248K, used 122667K [0x0000000084c00000, 0x0000000100000000)
  region size 1024K, 51 young (52224K), 9 survivors (9216K)
 Metaspace       used 105262K, committed 106048K, reserved 1179648K
  class space    used 14082K, committed 14464K, reserved 1048576K
}
Event: 714.501 GC heap after
{Heap after GC invocations=53 (full 1):
 garbage-first heap   total 181248K, used 85695K [0x0000000084c00000, 0x0000000100000000)
  region size 1024K, 6 young (6144K), 6 survivors (6144K)
 Metaspace       used 105262K, committed 106048K, reserved 1179648K
  class space    used 14082K, committed 14464K, reserved 1048576K
}
Event: 715.020 GC heap before
{Heap before GC invocations=53 (full 1):
 garbage-first heap   total 181248K, used 126655K [0x0000000084c00000, 0x0000000100000000)
  region size 1024K, 46 young (47104K), 6 survivors (6144K)
 Metaspace       used 105885K, committed 106688K, reserved 1179648K
  class space    used 14118K, committed 14528K, reserved 1048576K
}

