# JRE version: Java(TM) SE Runtime Environment (17.0.9+11) (build 17.0.9+11-LTS-201)
# Java VM: Java HotSpot(TM) 64-Bit Server VM (17.0.9+11-LTS-201, mixed mode, sharing, tiered, compressed oops, compressed class ptrs, g1 gc, windows-amd64)
GC Precious Log:
 CPUs: 8 total, 8 available
 Memory: 7883M
 Large Page Support: Disabled
 NUMA Support: Disabled
 Compressed Oops: Enabled (32-bit)
 Heap Region Size: 1M
 Heap Min Capacity: 8M
 Heap Initial Capacity: 124M
 Heap Max Capacity: 1972M
 Pre-touch: Disabled
 Parallel Workers: 8
 Concurrent Workers: 2
 Concurrent Refinement Workers: 8
 Periodic GC: Disabled
Heap:
 garbage-first heap   total 261120K, used 159532K [0x0000000084c00000, 0x0000000100000000)
  region size 1024K, 3 young (3072K), 3 survivors (3072K)
 Metaspace       used 87713K, committed 88448K, reserved 1179648K
  class space    used 11997K, committed 12352K, reserved 1048576K
GC Heap History (20 events):
Event: 14.722 GC heap after
{Heap after GC invocations=43 (full 0):
 garbage-first heap   total 136192K, used 67205K [0x0000000084c00000, 0x0000000100000000)
  region size 1024K, 6 young (6144K), 6 survivors (6144K)
 Metaspace       used 79672K, committed 80320K, reserved 1179648K
  class space    used 10646K, committed 10944K, reserved 1048576K
}
Event: 15.239 GC heap before
{Heap before GC invocations=43 (full 0):
 garbage-first heap   total 136192K, used 104069K [0x0000000084c00000, 0x0000000100000000)
  region size 1024K, 42 young (43008K), 6 survivors (6144K)
 Metaspace       used 84645K, committed 85312K, reserved 1179648K
  class space    used 11580K, committed 11904K, reserved 1048576K
}
Event: 15.248 GC heap after
{Heap after GC invocations=44 (full 0):
 garbage-first heap   total 136192K, used 71532K [0x0000000084c00000, 0x0000000100000000)
  region size 1024K, 4 young (4096K), 4 survivors (4096K)
 Metaspace       used 84645K, committed 85312K, reserved 1179648K
  class space    used 11580K, committed 11904K, reserved 1048576K
}
Event: 15.371 GC heap before
{Heap before GC invocations=45 (full 0):
 garbage-first heap   total 136192K, used 103276K [0x0000000084c00000, 0x0000000100000000)
  region size 1024K, 39 young (39936K), 4 survivors (4096K)
 Metaspace       used 84659K, committed 85312K, reserved 1179648K
  class space    used 11580K, committed 11904K, reserved 1048576K
}
Event: 15.374 GC heap after
{Heap after GC invocations=46 (full 0):
 garbage-first heap   total 136192K, used 68361K [0x0000000084c00000, 0x0000000100000000)
  region size 1024K, 2 young (2048K), 2 survivors (2048K)
 Metaspace       used 84659K, committed 85312K, reserved 1179648K
  class space    used 11580K, committed 11904K, reserved 1048576K
}
Event: 15.415 GC heap before
{Heap before GC invocations=46 (full 0):
 garbage-first heap   total 136192K, used 71433K [0x0000000084c00000, 0x0000000100000000)
  region size 1024K, 6 young (6144K), 2 survivors (2048K)
 Metaspace       used 85060K, committed 85696K, reserved 1179648K
  class space    used 11611K, committed 11904K, reserved 1048576K
}
Event: 15.417 GC heap after
{Heap after GC invocations=47 (full 0):
 garbage-first heap   total 136192K, used 67716K [0x0000000084c00000, 0x0000000100000000)
  region size 1024K, 1 young (1024K), 1 survivors (1024K)
 Metaspace       used 85060K, committed 85696K, reserved 1179648K
  class space    used 11611K, committed 11904K, reserved 1048576K
}
Event: 15.579 GC heap before
{Heap before GC invocations=47 (full 0):
 garbage-first heap   total 136192K, used 106628K [0x0000000084c00000, 0x0000000100000000)
  region size 1024K, 39 young (39936K), 1 survivors (1024K)
 Metaspace       used 85991K, committed 86656K, reserved 1179648K
  class space    used 11763K, committed 12096K, reserved 1048576K
}
Event: 15.585 GC heap after
{Heap after GC invocations=48 (full 0):
 garbage-first heap   total 261120K, used 71359K [0x0000000084c00000, 0x0000000100000000)
  region size 1024K, 4 young (4096K), 4 survivors (4096K)
 Metaspace       used 85991K, committed 86656K, reserved 1179648K
  class space    used 11763K, committed 12096K, reserved 1048576K
}
Event: 16.125 GC heap before
{Heap before GC invocations=49 (full 0):
 garbage-first heap   total 261120K, used 180927K [0x0000000084c00000, 0x0000000100000000)
  region size 1024K, 111 young (113664K), 4 survivors (4096K)
 Metaspace       used 86683K, committed 87360K, reserved 1179648K
  class space    used 11851K, committed 12160K, reserved 1048576K
}
Event: 16.130 GC heap after
{Heap after GC invocations=50 (full 0):
 garbage-first heap   total 261120K, used 70889K [0x0000000084c00000, 0x0000000100000000)
  region size 1024K, 4 young (4096K), 4 survivors (4096K)
 Metaspace       used 86683K, committed 87360K, reserved 1179648K
  class space    used 11851K, committed 12160K, reserved 1048576K
}
Event: 16.143 GC heap before
{Heap before GC invocations=50 (full 0):
 garbage-first heap   total 261120K, used 79081K [0x0000000084c00000, 0x0000000100000000)
  region size 1024K, 12 young (12288K), 4 survivors (4096K)
 Metaspace       used 86683K, committed 87360K, reserved 1179648K
  class space    used 11851K, committed 12160K, reserved 1048576K
}
Event: 16.151 GC heap after
{Heap after GC invocations=51 (full 0):
 garbage-first heap   total 261120K, used 72565K [0x0000000084c00000, 0x0000000100000000)
  region size 1024K, 2 young (2048K), 2 survivors (2048K)
 Metaspace       used 86683K, committed 87360K, reserved 1179648K
  class space    used 11851K, committed 12160K, reserved 1048576K
}
Event: 16.701 GC heap before
{Heap before GC invocations=51 (full 0):
 garbage-first heap   total 261120K, used 212853K [0x0000000084c00000, 0x0000000100000000)
  region size 1024K, 138 young (141312K), 2 survivors (2048K)
 Metaspace       used 87692K, committed 88448K, reserved 1179648K
  class space    used 11994K, committed 12352K, reserved 1048576K
}
Event: 16.724 GC heap after
{Heap after GC invocations=52 (full 0):
 garbage-first heap   total 261120K, used 103905K [0x0000000084c00000, 0x0000000100000000)
  region size 1024K, 18 young (18432K), 18 survivors (18432K)
 Metaspace       used 87692K, committed 88448K, reserved 1179648K
  class space    used 11994K, committed 12352K, reserved 1048576K
}
Event: 16.923 GC heap before
{Heap before GC invocations=52 (full 0):
 garbage-first heap   total 261120K, used 196065K [0x0000000084c00000, 0x0000000100000000)
  region size 1024K, 106 young (108544K), 18 survivors (18432K)
 Metaspace       used 87712K, committed 88448K, reserved 1179648K
  class space    used 11997K, committed 12352K, reserved 1048576K
}
Event: 16.944 GC heap after
{Heap after GC invocations=53 (full 0):
 garbage-first heap   total 261120K, used 122682K [0x0000000084c00000, 0x0000000100000000)
  region size 1024K, 14 young (14336K), 14 survivors (14336K)
 Metaspace       used 87712K, committed 88448K, reserved 1179648K
  class space    used 11997K, committed 12352K, reserved 1048576K
}
Event: 17.119 GC heap before
{Heap before GC invocations=53 (full 0):
 garbage-first heap   total 261120K, used 197434K [0x0000000084c00000, 0x0000000100000000)
  region size 1024K, 86 young (88064K), 14 survivors (14336K)
 Metaspace       used 87712K, committed 88448K, reserved 1179648K
  class space    used 11997K, committed 12352K, reserved 1048576K
}
Event: 17.151 GC heap after
{Heap after GC invocations=54 (full 0):
 garbage-first heap   total 261120K, used 153445K [0x0000000084c00000, 0x0000000100000000)
  region size 1024K, 11 young (11264K), 11 survivors (11264K)
 Metaspace       used 87712K, committed 88448K, reserved 1179648K
  class space    used 11997K, committed 12352K, reserved 1048576K
}
Event: 17.272 GC heap before
{Heap before GC invocations=54 (full 0):
 garbage-first heap   total 261120K, used 201573K [0x0000000084c00000, 0x0000000100000000)
  region size 1024K, 56 young (57344K), 11 survivors (11264K)
 Metaspace       used 87713K, committed 88448K, reserved 1179648K
  class space    used 11997K, committed 12352K, reserved 1048576K
}

